Building DAG of jobs...
Using shell: /usr/bin/bash
Provided cores: 4
Rules claiming more threads will be scaled down.
Job stats:
job                          count    min threads    max threads
-------------------------  -------  -------------  -------------
all                              1              1              1
mac_to_root                     12              1              1
npz_to_image                    12              1              1
root_to_event_dump              12              1              1
root_to_event_dump_barrel       12              1              1
total                           49              1              1

Select jobs to execute...

[Fri Jun 10 12:26:28 2022]
rule mac_to_root:
    input: ../../../../data/1_MAC/VaryE/gamma/wcs_MCA_gamma__6_500_MeV.mac
    output: ../../../../data/2_ROOT/VaryE/gamma/wcs_MCA_gamma__6_500_MeV.root
    jobid: 7
    wildcards: variacion=VaryE, particula=gamma, l_corrida=6
    resources: tmpdir=/tmp


	        cd /home/neutrino/software
	        source run.sh
            rm wcs_MCA_gamma__6_500_MeV.root
            ./WCSim /home/compartida/1_MAC/VaryE/gamma/wcs_MCA_gamma__6_500_MeV.mac
	        mv wcs_MCA_gamma__6_500_MeV.root /home/compartida/2_ROOT/VaryE/gamma
        
Activating singularity image ../../wcsim

[Fri Jun 10 12:26:29 2022]
rule mac_to_root:
    input: ../../../../data/1_MAC/VaryE/gamma/wcs_MCA_gamma__11_500_MeV.mac
    output: ../../../../data/2_ROOT/VaryE/gamma/wcs_MCA_gamma__11_500_MeV.root
    jobid: 12
    wildcards: variacion=VaryE, particula=gamma, l_corrida=11
    resources: tmpdir=/tmp


	        cd /home/neutrino/software
	        source run.sh
            rm wcs_MCA_gamma__11_500_MeV.root
            ./WCSim /home/compartida/1_MAC/VaryE/gamma/wcs_MCA_gamma__11_500_MeV.mac
	        mv wcs_MCA_gamma__11_500_MeV.root /home/compartida/2_ROOT/VaryE/gamma
        
Activating singularity image ../../wcsim

[Fri Jun 10 12:26:29 2022]
rule mac_to_root:
    input: ../../../../data/1_MAC/VaryE/gamma/wcs_MCA_gamma__9_500_MeV.mac
    output: ../../../../data/2_ROOT/VaryE/gamma/wcs_MCA_gamma__9_500_MeV.root
    jobid: 10
    wildcards: variacion=VaryE, particula=gamma, l_corrida=9
    resources: tmpdir=/tmp


	        cd /home/neutrino/software
	        source run.sh
            rm wcs_MCA_gamma__9_500_MeV.root
            ./WCSim /home/compartida/1_MAC/VaryE/gamma/wcs_MCA_gamma__9_500_MeV.mac
	        mv wcs_MCA_gamma__9_500_MeV.root /home/compartida/2_ROOT/VaryE/gamma
        
Activating singularity image ../../wcsim

[Fri Jun 10 12:26:29 2022]
rule mac_to_root:
    input: ../../../../data/1_MAC/VaryE/gamma/wcs_MCA_gamma__4_500_MeV.mac
    output: ../../../../data/2_ROOT/VaryE/gamma/wcs_MCA_gamma__4_500_MeV.root
    jobid: 5
    wildcards: variacion=VaryE, particula=gamma, l_corrida=4
    resources: tmpdir=/tmp


	        cd /home/neutrino/software
	        source run.sh
            rm wcs_MCA_gamma__4_500_MeV.root
            ./WCSim /home/compartida/1_MAC/VaryE/gamma/wcs_MCA_gamma__4_500_MeV.mac
	        mv wcs_MCA_gamma__4_500_MeV.root /home/compartida/2_ROOT/VaryE/gamma
        
Activating singularity image ../../wcsim
[Fri Jun 10 12:26:43 2022]
Finished job 12.
1 of 49 steps (2%) done
Select jobs to execute...

[Fri Jun 10 12:26:43 2022]
rule root_to_event_dump:
    input: ../../../../data/2_ROOT/VaryE/gamma/wcs_MCA_gamma__11_500_MeV.root
    output: ../../../../data/3_NPZ_event_dump/VaryE/gamma/wcs_MCA_gamma__11_500_MeV.npz
    jobid: 24
    wildcards: variacion=VaryE, particula=gamma, l_corrida=11
    resources: tmpdir=/tmp


			cd /home/neutrino/software
			source run.sh
			cd /home/WatChMal/DataTools
			time python3 event_dump.py /home/compartida/2_ROOT/VaryE/gamma/wcs_MCA_gamma__11_500_MeV.root 
			mv /home/compartida/2_ROOT/VaryE/gamma/wcs_MCA_gamma__11_500_MeV.npz /home/compartida/3_NPZ_event_dump/VaryE/gamma
		
Activating singularity image ../../wcsim
[Fri Jun 10 12:26:43 2022]
Finished job 7.
2 of 49 steps (4%) done
Select jobs to execute...

[Fri Jun 10 12:26:43 2022]
rule mac_to_root:
    input: ../../../../data/1_MAC/VaryE/gamma/wcs_MCA_gamma__10_500_MeV.mac
    output: ../../../../data/2_ROOT/VaryE/gamma/wcs_MCA_gamma__10_500_MeV.root
    jobid: 11
    wildcards: variacion=VaryE, particula=gamma, l_corrida=10
    resources: tmpdir=/tmp


	        cd /home/neutrino/software
	        source run.sh
            rm wcs_MCA_gamma__10_500_MeV.root
            ./WCSim /home/compartida/1_MAC/VaryE/gamma/wcs_MCA_gamma__10_500_MeV.mac
	        mv wcs_MCA_gamma__10_500_MeV.root /home/compartida/2_ROOT/VaryE/gamma
        
Activating singularity image ../../wcsim
[Fri Jun 10 12:26:44 2022]
Finished job 5.
3 of 49 steps (6%) done
Select jobs to execute...

[Fri Jun 10 12:26:44 2022]
rule mac_to_root:
    input: ../../../../data/1_MAC/VaryE/gamma/wcs_MCA_gamma__1_500_MeV.mac
    output: ../../../../data/2_ROOT/VaryE/gamma/wcs_MCA_gamma__1_500_MeV.root
    jobid: 2
    wildcards: variacion=VaryE, particula=gamma, l_corrida=1
    resources: tmpdir=/tmp


	        cd /home/neutrino/software
	        source run.sh
            rm wcs_MCA_gamma__1_500_MeV.root
            ./WCSim /home/compartida/1_MAC/VaryE/gamma/wcs_MCA_gamma__1_500_MeV.mac
	        mv wcs_MCA_gamma__1_500_MeV.root /home/compartida/2_ROOT/VaryE/gamma
        
Activating singularity image ../../wcsim
[Fri Jun 10 12:26:44 2022]
Finished job 10.
4 of 49 steps (8%) done
Select jobs to execute...

[Fri Jun 10 12:26:44 2022]
rule mac_to_root:
    input: ../../../../data/1_MAC/VaryE/gamma/wcs_MCA_gamma__0_500_MeV.mac
    output: ../../../../data/2_ROOT/VaryE/gamma/wcs_MCA_gamma__0_500_MeV.root
    jobid: 1
    wildcards: variacion=VaryE, particula=gamma, l_corrida=0
    resources: tmpdir=/tmp


	        cd /home/neutrino/software
	        source run.sh
            rm wcs_MCA_gamma__0_500_MeV.root
            ./WCSim /home/compartida/1_MAC/VaryE/gamma/wcs_MCA_gamma__0_500_MeV.mac
	        mv wcs_MCA_gamma__0_500_MeV.root /home/compartida/2_ROOT/VaryE/gamma
        
Activating singularity image ../../wcsim
[Fri Jun 10 12:26:45 2022]
Finished job 24.
5 of 49 steps (10%) done
Select jobs to execute...

[Fri Jun 10 12:26:45 2022]
rule npz_to_image:
    input: ../../../../data/3_NPZ_event_dump/VaryE/gamma/wcs_MCA_gamma__11_500_MeV.npz
    output: ../../../../data/4_Imagen_NPZ/VaryE/gamma/IMAGES_wcs_MCA_gamma__11_500_MeV.npy
    jobid: 48
    wildcards: variacion=VaryE, particula=gamma, l_corrida=11
    resources: tmpdir=/tmp


			python3 /home/Tools_HKM/npz_to_image.py -m /home/compartida/Geometries/IWCD_geometry_mPMT.npy -f /home/compartida/3_NPZ_event_dump/VaryE/gamma/wcs_MCA_gamma__11_500_MeV.npz
            cd ~; mv IMAGES_wcs_MCA_gamma__11_500_MeV.npy /home/compartida/4_Imagen_NPZ/VaryE/gamma
        
Activating singularity image ../../wcsim
[Fri Jun 10 12:26:48 2022]
Finished job 48.
6 of 49 steps (12%) done
Select jobs to execute...

[Fri Jun 10 12:26:48 2022]
rule root_to_event_dump_barrel:
    input: ../../../../data/2_ROOT/VaryE/gamma/wcs_MCA_gamma__9_500_MeV.root
    output: ../../../../data/3_NPZ_event_dump_barrel/VaryE/gamma/wcs_MCA_gamma__9_500_MeV.npz
    jobid: 34
    wildcards: variacion=VaryE, particula=gamma, l_corrida=9
    resources: tmpdir=/tmp


			cd /home/neutrino/software
			source run.sh
			cd /home/WatChMal/DataTools
			time python3 event_dump_barrel.py /home/compartida/2_ROOT/VaryE/gamma/wcs_MCA_gamma__9_500_MeV.root 
			mv /home/compartida/2_ROOT/VaryE/gamma/wcs_MCA_gamma__9_500_MeV.npz /home/compartida/3_NPZ_event_dump_barrel/VaryE/gamma
		
Activating singularity image ../../wcsim
[Fri Jun 10 12:26:49 2022]
Finished job 34.
7 of 49 steps (14%) done
Select jobs to execute...

[Fri Jun 10 12:26:49 2022]
rule root_to_event_dump_barrel:
    input: ../../../../data/2_ROOT/VaryE/gamma/wcs_MCA_gamma__11_500_MeV.root
    output: ../../../../data/3_NPZ_event_dump_barrel/VaryE/gamma/wcs_MCA_gamma__11_500_MeV.npz
    jobid: 36
    wildcards: variacion=VaryE, particula=gamma, l_corrida=11
    resources: tmpdir=/tmp


			cd /home/neutrino/software
			source run.sh
			cd /home/WatChMal/DataTools
			time python3 event_dump_barrel.py /home/compartida/2_ROOT/VaryE/gamma/wcs_MCA_gamma__11_500_MeV.root 
			mv /home/compartida/2_ROOT/VaryE/gamma/wcs_MCA_gamma__11_500_MeV.npz /home/compartida/3_NPZ_event_dump_barrel/VaryE/gamma
		
Activating singularity image ../../wcsim
[Fri Jun 10 12:26:50 2022]
Finished job 36.
8 of 49 steps (16%) done
Select jobs to execute...

[Fri Jun 10 12:26:50 2022]
rule root_to_event_dump:
    input: ../../../../data/2_ROOT/VaryE/gamma/wcs_MCA_gamma__9_500_MeV.root
    output: ../../../../data/3_NPZ_event_dump/VaryE/gamma/wcs_MCA_gamma__9_500_MeV.npz
    jobid: 22
    wildcards: variacion=VaryE, particula=gamma, l_corrida=9
    resources: tmpdir=/tmp


			cd /home/neutrino/software
			source run.sh
			cd /home/WatChMal/DataTools
			time python3 event_dump.py /home/compartida/2_ROOT/VaryE/gamma/wcs_MCA_gamma__9_500_MeV.root 
			mv /home/compartida/2_ROOT/VaryE/gamma/wcs_MCA_gamma__9_500_MeV.npz /home/compartida/3_NPZ_event_dump/VaryE/gamma
		
Activating singularity image ../../wcsim
[Fri Jun 10 12:26:52 2022]
Finished job 22.
9 of 49 steps (18%) done
Select jobs to execute...

[Fri Jun 10 12:26:52 2022]
rule npz_to_image:
    input: ../../../../data/3_NPZ_event_dump/VaryE/gamma/wcs_MCA_gamma__9_500_MeV.npz
    output: ../../../../data/4_Imagen_NPZ/VaryE/gamma/IMAGES_wcs_MCA_gamma__9_500_MeV.npy
    jobid: 46
    wildcards: variacion=VaryE, particula=gamma, l_corrida=9
    resources: tmpdir=/tmp


			python3 /home/Tools_HKM/npz_to_image.py -m /home/compartida/Geometries/IWCD_geometry_mPMT.npy -f /home/compartida/3_NPZ_event_dump/VaryE/gamma/wcs_MCA_gamma__9_500_MeV.npz
            cd ~; mv IMAGES_wcs_MCA_gamma__9_500_MeV.npy /home/compartida/4_Imagen_NPZ/VaryE/gamma
        
Activating singularity image ../../wcsim
[Fri Jun 10 12:26:55 2022]
Finished job 46.
10 of 49 steps (20%) done
Select jobs to execute...

[Fri Jun 10 12:26:55 2022]
rule mac_to_root:
    input: ../../../../data/1_MAC/VaryE/gamma/wcs_MCA_gamma__8_500_MeV.mac
    output: ../../../../data/2_ROOT/VaryE/gamma/wcs_MCA_gamma__8_500_MeV.root
    jobid: 9
    wildcards: variacion=VaryE, particula=gamma, l_corrida=8
    resources: tmpdir=/tmp


	        cd /home/neutrino/software
	        source run.sh
            rm wcs_MCA_gamma__8_500_MeV.root
            ./WCSim /home/compartida/1_MAC/VaryE/gamma/wcs_MCA_gamma__8_500_MeV.mac
	        mv wcs_MCA_gamma__8_500_MeV.root /home/compartida/2_ROOT/VaryE/gamma
        
Activating singularity image ../../wcsim
[Fri Jun 10 12:26:58 2022]
Finished job 11.
11 of 49 steps (22%) done
Select jobs to execute...

[Fri Jun 10 12:26:58 2022]
rule root_to_event_dump_barrel:
    input: ../../../../data/2_ROOT/VaryE/gamma/wcs_MCA_gamma__10_500_MeV.root
    output: ../../../../data/3_NPZ_event_dump_barrel/VaryE/gamma/wcs_MCA_gamma__10_500_MeV.npz
    jobid: 35
    wildcards: variacion=VaryE, particula=gamma, l_corrida=10
    resources: tmpdir=/tmp


			cd /home/neutrino/software
			source run.sh
			cd /home/WatChMal/DataTools
			time python3 event_dump_barrel.py /home/compartida/2_ROOT/VaryE/gamma/wcs_MCA_gamma__10_500_MeV.root 
			mv /home/compartida/2_ROOT/VaryE/gamma/wcs_MCA_gamma__10_500_MeV.npz /home/compartida/3_NPZ_event_dump_barrel/VaryE/gamma
		
Activating singularity image ../../wcsim
[Fri Jun 10 12:26:58 2022]
Finished job 2.
12 of 49 steps (24%) done
Select jobs to execute...

[Fri Jun 10 12:26:58 2022]
rule root_to_event_dump:
    input: ../../../../data/2_ROOT/VaryE/gamma/wcs_MCA_gamma__1_500_MeV.root
    output: ../../../../data/3_NPZ_event_dump/VaryE/gamma/wcs_MCA_gamma__1_500_MeV.npz
    jobid: 14
    wildcards: variacion=VaryE, particula=gamma, l_corrida=1
    resources: tmpdir=/tmp


			cd /home/neutrino/software
			source run.sh
			cd /home/WatChMal/DataTools
			time python3 event_dump.py /home/compartida/2_ROOT/VaryE/gamma/wcs_MCA_gamma__1_500_MeV.root 
			mv /home/compartida/2_ROOT/VaryE/gamma/wcs_MCA_gamma__1_500_MeV.npz /home/compartida/3_NPZ_event_dump/VaryE/gamma
		
Activating singularity image ../../wcsim
[Fri Jun 10 12:26:58 2022]
Finished job 35.
13 of 49 steps (27%) done
Select jobs to execute...

[Fri Jun 10 12:26:58 2022]
rule root_to_event_dump_barrel:
    input: ../../../../data/2_ROOT/VaryE/gamma/wcs_MCA_gamma__1_500_MeV.root
    output: ../../../../data/3_NPZ_event_dump_barrel/VaryE/gamma/wcs_MCA_gamma__1_500_MeV.npz
    jobid: 26
    wildcards: variacion=VaryE, particula=gamma, l_corrida=1
    resources: tmpdir=/tmp


			cd /home/neutrino/software
			source run.sh
			cd /home/WatChMal/DataTools
			time python3 event_dump_barrel.py /home/compartida/2_ROOT/VaryE/gamma/wcs_MCA_gamma__1_500_MeV.root 
			mv /home/compartida/2_ROOT/VaryE/gamma/wcs_MCA_gamma__1_500_MeV.npz /home/compartida/3_NPZ_event_dump_barrel/VaryE/gamma
		
Activating singularity image ../../wcsim
[Fri Jun 10 12:26:59 2022]
Finished job 1.
14 of 49 steps (29%) done
Select jobs to execute...

[Fri Jun 10 12:26:59 2022]
rule root_to_event_dump_barrel:
    input: ../../../../data/2_ROOT/VaryE/gamma/wcs_MCA_gamma__0_500_MeV.root
    output: ../../../../data/3_NPZ_event_dump_barrel/VaryE/gamma/wcs_MCA_gamma__0_500_MeV.npz
    jobid: 25
    wildcards: variacion=VaryE, particula=gamma, l_corrida=0
    resources: tmpdir=/tmp


			cd /home/neutrino/software
			source run.sh
			cd /home/WatChMal/DataTools
			time python3 event_dump_barrel.py /home/compartida/2_ROOT/VaryE/gamma/wcs_MCA_gamma__0_500_MeV.root 
			mv /home/compartida/2_ROOT/VaryE/gamma/wcs_MCA_gamma__0_500_MeV.npz /home/compartida/3_NPZ_event_dump_barrel/VaryE/gamma
		
Activating singularity image ../../wcsim
[Fri Jun 10 12:26:59 2022]
Finished job 26.
15 of 49 steps (31%) done
Select jobs to execute...

[Fri Jun 10 12:26:59 2022]
rule root_to_event_dump:
    input: ../../../../data/2_ROOT/VaryE/gamma/wcs_MCA_gamma__0_500_MeV.root
    output: ../../../../data/3_NPZ_event_dump/VaryE/gamma/wcs_MCA_gamma__0_500_MeV.npz
    jobid: 13
    wildcards: variacion=VaryE, particula=gamma, l_corrida=0
    resources: tmpdir=/tmp


			cd /home/neutrino/software
			source run.sh
			cd /home/WatChMal/DataTools
			time python3 event_dump.py /home/compartida/2_ROOT/VaryE/gamma/wcs_MCA_gamma__0_500_MeV.root 
			mv /home/compartida/2_ROOT/VaryE/gamma/wcs_MCA_gamma__0_500_MeV.npz /home/compartida/3_NPZ_event_dump/VaryE/gamma
		
Activating singularity image ../../wcsim
[Fri Jun 10 12:27:00 2022]
Finished job 25.
16 of 49 steps (33%) done
Select jobs to execute...

[Fri Jun 10 12:27:00 2022]
rule root_to_event_dump:
    input: ../../../../data/2_ROOT/VaryE/gamma/wcs_MCA_gamma__10_500_MeV.root
    output: ../../../../data/3_NPZ_event_dump/VaryE/gamma/wcs_MCA_gamma__10_500_MeV.npz
    jobid: 23
    wildcards: variacion=VaryE, particula=gamma, l_corrida=10
    resources: tmpdir=/tmp


			cd /home/neutrino/software
			source run.sh
			cd /home/WatChMal/DataTools
			time python3 event_dump.py /home/compartida/2_ROOT/VaryE/gamma/wcs_MCA_gamma__10_500_MeV.root 
			mv /home/compartida/2_ROOT/VaryE/gamma/wcs_MCA_gamma__10_500_MeV.npz /home/compartida/3_NPZ_event_dump/VaryE/gamma
		
Activating singularity image ../../wcsim
[Fri Jun 10 12:27:00 2022]
Finished job 14.
17 of 49 steps (35%) done
Select jobs to execute...

[Fri Jun 10 12:27:00 2022]
rule npz_to_image:
    input: ../../../../data/3_NPZ_event_dump/VaryE/gamma/wcs_MCA_gamma__1_500_MeV.npz
    output: ../../../../data/4_Imagen_NPZ/VaryE/gamma/IMAGES_wcs_MCA_gamma__1_500_MeV.npy
    jobid: 38
    wildcards: variacion=VaryE, particula=gamma, l_corrida=1
    resources: tmpdir=/tmp


			python3 /home/Tools_HKM/npz_to_image.py -m /home/compartida/Geometries/IWCD_geometry_mPMT.npy -f /home/compartida/3_NPZ_event_dump/VaryE/gamma/wcs_MCA_gamma__1_500_MeV.npz
            cd ~; mv IMAGES_wcs_MCA_gamma__1_500_MeV.npy /home/compartida/4_Imagen_NPZ/VaryE/gamma
        
Activating singularity image ../../wcsim
[Fri Jun 10 12:27:02 2022]
Finished job 13.
18 of 49 steps (37%) done
Select jobs to execute...

[Fri Jun 10 12:27:02 2022]
rule npz_to_image:
    input: ../../../../data/3_NPZ_event_dump/VaryE/gamma/wcs_MCA_gamma__0_500_MeV.npz
    output: ../../../../data/4_Imagen_NPZ/VaryE/gamma/IMAGES_wcs_MCA_gamma__0_500_MeV.npy
    jobid: 37
    wildcards: variacion=VaryE, particula=gamma, l_corrida=0
    resources: tmpdir=/tmp


			python3 /home/Tools_HKM/npz_to_image.py -m /home/compartida/Geometries/IWCD_geometry_mPMT.npy -f /home/compartida/3_NPZ_event_dump/VaryE/gamma/wcs_MCA_gamma__0_500_MeV.npz
            cd ~; mv IMAGES_wcs_MCA_gamma__0_500_MeV.npy /home/compartida/4_Imagen_NPZ/VaryE/gamma
        
Activating singularity image ../../wcsim
[Fri Jun 10 12:27:02 2022]
Finished job 23.
19 of 49 steps (39%) done
Select jobs to execute...

[Fri Jun 10 12:27:02 2022]
rule root_to_event_dump_barrel:
    input: ../../../../data/2_ROOT/VaryE/gamma/wcs_MCA_gamma__4_500_MeV.root
    output: ../../../../data/3_NPZ_event_dump_barrel/VaryE/gamma/wcs_MCA_gamma__4_500_MeV.npz
    jobid: 29
    wildcards: variacion=VaryE, particula=gamma, l_corrida=4
    resources: tmpdir=/tmp


			cd /home/neutrino/software
			source run.sh
			cd /home/WatChMal/DataTools
			time python3 event_dump_barrel.py /home/compartida/2_ROOT/VaryE/gamma/wcs_MCA_gamma__4_500_MeV.root 
			mv /home/compartida/2_ROOT/VaryE/gamma/wcs_MCA_gamma__4_500_MeV.npz /home/compartida/3_NPZ_event_dump_barrel/VaryE/gamma
		
Activating singularity image ../../wcsim
[Fri Jun 10 12:27:03 2022]
Finished job 29.
20 of 49 steps (41%) done
Select jobs to execute...

[Fri Jun 10 12:27:03 2022]
rule root_to_event_dump:
    input: ../../../../data/2_ROOT/VaryE/gamma/wcs_MCA_gamma__4_500_MeV.root
    output: ../../../../data/3_NPZ_event_dump/VaryE/gamma/wcs_MCA_gamma__4_500_MeV.npz
    jobid: 17
    wildcards: variacion=VaryE, particula=gamma, l_corrida=4
    resources: tmpdir=/tmp


			cd /home/neutrino/software
			source run.sh
			cd /home/WatChMal/DataTools
			time python3 event_dump.py /home/compartida/2_ROOT/VaryE/gamma/wcs_MCA_gamma__4_500_MeV.root 
			mv /home/compartida/2_ROOT/VaryE/gamma/wcs_MCA_gamma__4_500_MeV.npz /home/compartida/3_NPZ_event_dump/VaryE/gamma
		
Activating singularity image ../../wcsim
[Fri Jun 10 12:27:03 2022]
Finished job 38.
21 of 49 steps (43%) done
Select jobs to execute...

[Fri Jun 10 12:27:03 2022]
rule mac_to_root:
    input: ../../../../data/1_MAC/VaryE/gamma/wcs_MCA_gamma__5_500_MeV.mac
    output: ../../../../data/2_ROOT/VaryE/gamma/wcs_MCA_gamma__5_500_MeV.root
    jobid: 6
    wildcards: variacion=VaryE, particula=gamma, l_corrida=5
    resources: tmpdir=/tmp


	        cd /home/neutrino/software
	        source run.sh
            rm wcs_MCA_gamma__5_500_MeV.root
            ./WCSim /home/compartida/1_MAC/VaryE/gamma/wcs_MCA_gamma__5_500_MeV.mac
	        mv wcs_MCA_gamma__5_500_MeV.root /home/compartida/2_ROOT/VaryE/gamma
        
Activating singularity image ../../wcsim
[Fri Jun 10 12:27:04 2022]
Finished job 37.
22 of 49 steps (45%) done
Select jobs to execute...

[Fri Jun 10 12:27:04 2022]
rule npz_to_image:
    input: ../../../../data/3_NPZ_event_dump/VaryE/gamma/wcs_MCA_gamma__10_500_MeV.npz
    output: ../../../../data/4_Imagen_NPZ/VaryE/gamma/IMAGES_wcs_MCA_gamma__10_500_MeV.npy
    jobid: 47
    wildcards: variacion=VaryE, particula=gamma, l_corrida=10
    resources: tmpdir=/tmp


			python3 /home/Tools_HKM/npz_to_image.py -m /home/compartida/Geometries/IWCD_geometry_mPMT.npy -f /home/compartida/3_NPZ_event_dump/VaryE/gamma/wcs_MCA_gamma__10_500_MeV.npz
            cd ~; mv IMAGES_wcs_MCA_gamma__10_500_MeV.npy /home/compartida/4_Imagen_NPZ/VaryE/gamma
        
Activating singularity image ../../wcsim
[Fri Jun 10 12:27:05 2022]
Finished job 17.
23 of 49 steps (47%) done
Select jobs to execute...

[Fri Jun 10 12:27:05 2022]
rule npz_to_image:
    input: ../../../../data/3_NPZ_event_dump/VaryE/gamma/wcs_MCA_gamma__4_500_MeV.npz
    output: ../../../../data/4_Imagen_NPZ/VaryE/gamma/IMAGES_wcs_MCA_gamma__4_500_MeV.npy
    jobid: 41
    wildcards: variacion=VaryE, particula=gamma, l_corrida=4
    resources: tmpdir=/tmp


			python3 /home/Tools_HKM/npz_to_image.py -m /home/compartida/Geometries/IWCD_geometry_mPMT.npy -f /home/compartida/3_NPZ_event_dump/VaryE/gamma/wcs_MCA_gamma__4_500_MeV.npz
            cd ~; mv IMAGES_wcs_MCA_gamma__4_500_MeV.npy /home/compartida/4_Imagen_NPZ/VaryE/gamma
        
Activating singularity image ../../wcsim
[Fri Jun 10 12:27:07 2022]
Finished job 47.
24 of 49 steps (49%) done
Select jobs to execute...

[Fri Jun 10 12:27:07 2022]
rule mac_to_root:
    input: ../../../../data/1_MAC/VaryE/gamma/wcs_MCA_gamma__3_500_MeV.mac
    output: ../../../../data/2_ROOT/VaryE/gamma/wcs_MCA_gamma__3_500_MeV.root
    jobid: 4
    wildcards: variacion=VaryE, particula=gamma, l_corrida=3
    resources: tmpdir=/tmp


	        cd /home/neutrino/software
	        source run.sh
            rm wcs_MCA_gamma__3_500_MeV.root
            ./WCSim /home/compartida/1_MAC/VaryE/gamma/wcs_MCA_gamma__3_500_MeV.mac
	        mv wcs_MCA_gamma__3_500_MeV.root /home/compartida/2_ROOT/VaryE/gamma
        
Activating singularity image ../../wcsim
[Fri Jun 10 12:27:08 2022]
Finished job 41.
25 of 49 steps (51%) done
Select jobs to execute...

[Fri Jun 10 12:27:08 2022]
rule root_to_event_dump:
    input: ../../../../data/2_ROOT/VaryE/gamma/wcs_MCA_gamma__6_500_MeV.root
    output: ../../../../data/3_NPZ_event_dump/VaryE/gamma/wcs_MCA_gamma__6_500_MeV.npz
    jobid: 19
    wildcards: variacion=VaryE, particula=gamma, l_corrida=6
    resources: tmpdir=/tmp


			cd /home/neutrino/software
			source run.sh
			cd /home/WatChMal/DataTools
			time python3 event_dump.py /home/compartida/2_ROOT/VaryE/gamma/wcs_MCA_gamma__6_500_MeV.root 
			mv /home/compartida/2_ROOT/VaryE/gamma/wcs_MCA_gamma__6_500_MeV.npz /home/compartida/3_NPZ_event_dump/VaryE/gamma
		
Activating singularity image ../../wcsim
[Fri Jun 10 12:27:09 2022]
Finished job 9.
26 of 49 steps (53%) done
Select jobs to execute...

[Fri Jun 10 12:27:09 2022]
rule mac_to_root:
    input: ../../../../data/1_MAC/VaryE/gamma/wcs_MCA_gamma__2_500_MeV.mac
    output: ../../../../data/2_ROOT/VaryE/gamma/wcs_MCA_gamma__2_500_MeV.root
    jobid: 3
    wildcards: variacion=VaryE, particula=gamma, l_corrida=2
    resources: tmpdir=/tmp


	        cd /home/neutrino/software
	        source run.sh
            rm wcs_MCA_gamma__2_500_MeV.root
            ./WCSim /home/compartida/1_MAC/VaryE/gamma/wcs_MCA_gamma__2_500_MeV.mac
	        mv wcs_MCA_gamma__2_500_MeV.root /home/compartida/2_ROOT/VaryE/gamma
        
Activating singularity image ../../wcsim
[Fri Jun 10 12:27:10 2022]
Finished job 19.
27 of 49 steps (55%) done
Select jobs to execute...

[Fri Jun 10 12:27:10 2022]
rule root_to_event_dump_barrel:
    input: ../../../../data/2_ROOT/VaryE/gamma/wcs_MCA_gamma__8_500_MeV.root
    output: ../../../../data/3_NPZ_event_dump_barrel/VaryE/gamma/wcs_MCA_gamma__8_500_MeV.npz
    jobid: 33
    wildcards: variacion=VaryE, particula=gamma, l_corrida=8
    resources: tmpdir=/tmp


			cd /home/neutrino/software
			source run.sh
			cd /home/WatChMal/DataTools
			time python3 event_dump_barrel.py /home/compartida/2_ROOT/VaryE/gamma/wcs_MCA_gamma__8_500_MeV.root 
			mv /home/compartida/2_ROOT/VaryE/gamma/wcs_MCA_gamma__8_500_MeV.npz /home/compartida/3_NPZ_event_dump_barrel/VaryE/gamma
		
Activating singularity image ../../wcsim
[Fri Jun 10 12:27:11 2022]
Finished job 33.
28 of 49 steps (57%) done
Select jobs to execute...

[Fri Jun 10 12:27:11 2022]
rule root_to_event_dump_barrel:
    input: ../../../../data/2_ROOT/VaryE/gamma/wcs_MCA_gamma__6_500_MeV.root
    output: ../../../../data/3_NPZ_event_dump_barrel/VaryE/gamma/wcs_MCA_gamma__6_500_MeV.npz
    jobid: 31
    wildcards: variacion=VaryE, particula=gamma, l_corrida=6
    resources: tmpdir=/tmp


			cd /home/neutrino/software
			source run.sh
			cd /home/WatChMal/DataTools
			time python3 event_dump_barrel.py /home/compartida/2_ROOT/VaryE/gamma/wcs_MCA_gamma__6_500_MeV.root 
			mv /home/compartida/2_ROOT/VaryE/gamma/wcs_MCA_gamma__6_500_MeV.npz /home/compartida/3_NPZ_event_dump_barrel/VaryE/gamma
		
Activating singularity image ../../wcsim
[Fri Jun 10 12:27:12 2022]
Finished job 31.
29 of 49 steps (59%) done
Select jobs to execute...

[Fri Jun 10 12:27:12 2022]
rule mac_to_root:
    input: ../../../../data/1_MAC/VaryE/gamma/wcs_MCA_gamma__7_500_MeV.mac
    output: ../../../../data/2_ROOT/VaryE/gamma/wcs_MCA_gamma__7_500_MeV.root
    jobid: 8
    wildcards: variacion=VaryE, particula=gamma, l_corrida=7
    resources: tmpdir=/tmp


	        cd /home/neutrino/software
	        source run.sh
            rm wcs_MCA_gamma__7_500_MeV.root
            ./WCSim /home/compartida/1_MAC/VaryE/gamma/wcs_MCA_gamma__7_500_MeV.mac
	        mv wcs_MCA_gamma__7_500_MeV.root /home/compartida/2_ROOT/VaryE/gamma
        
Activating singularity image ../../wcsim
[Fri Jun 10 12:27:18 2022]
Finished job 6.
30 of 49 steps (61%) done
Select jobs to execute...

[Fri Jun 10 12:27:18 2022]
rule root_to_event_dump_barrel:
    input: ../../../../data/2_ROOT/VaryE/gamma/wcs_MCA_gamma__5_500_MeV.root
    output: ../../../../data/3_NPZ_event_dump_barrel/VaryE/gamma/wcs_MCA_gamma__5_500_MeV.npz
    jobid: 30
    wildcards: variacion=VaryE, particula=gamma, l_corrida=5
    resources: tmpdir=/tmp


			cd /home/neutrino/software
			source run.sh
			cd /home/WatChMal/DataTools
			time python3 event_dump_barrel.py /home/compartida/2_ROOT/VaryE/gamma/wcs_MCA_gamma__5_500_MeV.root 
			mv /home/compartida/2_ROOT/VaryE/gamma/wcs_MCA_gamma__5_500_MeV.npz /home/compartida/3_NPZ_event_dump_barrel/VaryE/gamma
		
Activating singularity image ../../wcsim
[Fri Jun 10 12:27:18 2022]
Finished job 30.
31 of 49 steps (63%) done
Select jobs to execute...

[Fri Jun 10 12:27:18 2022]
rule root_to_event_dump:
    input: ../../../../data/2_ROOT/VaryE/gamma/wcs_MCA_gamma__5_500_MeV.root
    output: ../../../../data/3_NPZ_event_dump/VaryE/gamma/wcs_MCA_gamma__5_500_MeV.npz
    jobid: 18
    wildcards: variacion=VaryE, particula=gamma, l_corrida=5
    resources: tmpdir=/tmp


			cd /home/neutrino/software
			source run.sh
			cd /home/WatChMal/DataTools
			time python3 event_dump.py /home/compartida/2_ROOT/VaryE/gamma/wcs_MCA_gamma__5_500_MeV.root 
			mv /home/compartida/2_ROOT/VaryE/gamma/wcs_MCA_gamma__5_500_MeV.npz /home/compartida/3_NPZ_event_dump/VaryE/gamma
		
Activating singularity image ../../wcsim
[Fri Jun 10 12:27:21 2022]
Finished job 18.
32 of 49 steps (65%) done
Select jobs to execute...

[Fri Jun 10 12:27:21 2022]
rule npz_to_image:
    input: ../../../../data/3_NPZ_event_dump/VaryE/gamma/wcs_MCA_gamma__6_500_MeV.npz
    output: ../../../../data/4_Imagen_NPZ/VaryE/gamma/IMAGES_wcs_MCA_gamma__6_500_MeV.npy
    jobid: 43
    wildcards: variacion=VaryE, particula=gamma, l_corrida=6
    resources: tmpdir=/tmp


			python3 /home/Tools_HKM/npz_to_image.py -m /home/compartida/Geometries/IWCD_geometry_mPMT.npy -f /home/compartida/3_NPZ_event_dump/VaryE/gamma/wcs_MCA_gamma__6_500_MeV.npz
            cd ~; mv IMAGES_wcs_MCA_gamma__6_500_MeV.npy /home/compartida/4_Imagen_NPZ/VaryE/gamma
        
Activating singularity image ../../wcsim
[Fri Jun 10 12:27:22 2022]
Finished job 4.
33 of 49 steps (67%) done
Select jobs to execute...

[Fri Jun 10 12:27:22 2022]
rule root_to_event_dump:
    input: ../../../../data/2_ROOT/VaryE/gamma/wcs_MCA_gamma__3_500_MeV.root
    output: ../../../../data/3_NPZ_event_dump/VaryE/gamma/wcs_MCA_gamma__3_500_MeV.npz
    jobid: 16
    wildcards: variacion=VaryE, particula=gamma, l_corrida=3
    resources: tmpdir=/tmp


			cd /home/neutrino/software
			source run.sh
			cd /home/WatChMal/DataTools
			time python3 event_dump.py /home/compartida/2_ROOT/VaryE/gamma/wcs_MCA_gamma__3_500_MeV.root 
			mv /home/compartida/2_ROOT/VaryE/gamma/wcs_MCA_gamma__3_500_MeV.npz /home/compartida/3_NPZ_event_dump/VaryE/gamma
		
Activating singularity image ../../wcsim
[Fri Jun 10 12:27:23 2022]
Finished job 43.
34 of 49 steps (69%) done
Select jobs to execute...

[Fri Jun 10 12:27:23 2022]
rule root_to_event_dump_barrel:
    input: ../../../../data/2_ROOT/VaryE/gamma/wcs_MCA_gamma__3_500_MeV.root
    output: ../../../../data/3_NPZ_event_dump_barrel/VaryE/gamma/wcs_MCA_gamma__3_500_MeV.npz
    jobid: 28
    wildcards: variacion=VaryE, particula=gamma, l_corrida=3
    resources: tmpdir=/tmp


			cd /home/neutrino/software
			source run.sh
			cd /home/WatChMal/DataTools
			time python3 event_dump_barrel.py /home/compartida/2_ROOT/VaryE/gamma/wcs_MCA_gamma__3_500_MeV.root 
			mv /home/compartida/2_ROOT/VaryE/gamma/wcs_MCA_gamma__3_500_MeV.npz /home/compartida/3_NPZ_event_dump_barrel/VaryE/gamma
		
Activating singularity image ../../wcsim
[Fri Jun 10 12:27:24 2022]
Finished job 3.
35 of 49 steps (71%) done
Select jobs to execute...

[Fri Jun 10 12:27:24 2022]
rule root_to_event_dump:
    input: ../../../../data/2_ROOT/VaryE/gamma/wcs_MCA_gamma__2_500_MeV.root
    output: ../../../../data/3_NPZ_event_dump/VaryE/gamma/wcs_MCA_gamma__2_500_MeV.npz
    jobid: 15
    wildcards: variacion=VaryE, particula=gamma, l_corrida=2
    resources: tmpdir=/tmp


			cd /home/neutrino/software
			source run.sh
			cd /home/WatChMal/DataTools
			time python3 event_dump.py /home/compartida/2_ROOT/VaryE/gamma/wcs_MCA_gamma__2_500_MeV.root 
			mv /home/compartida/2_ROOT/VaryE/gamma/wcs_MCA_gamma__2_500_MeV.npz /home/compartida/3_NPZ_event_dump/VaryE/gamma
		
Activating singularity image ../../wcsim
[Fri Jun 10 12:27:24 2022]
Finished job 16.
36 of 49 steps (73%) done
Select jobs to execute...

[Fri Jun 10 12:27:24 2022]
rule root_to_event_dump_barrel:
    input: ../../../../data/2_ROOT/VaryE/gamma/wcs_MCA_gamma__2_500_MeV.root
    output: ../../../../data/3_NPZ_event_dump_barrel/VaryE/gamma/wcs_MCA_gamma__2_500_MeV.npz
    jobid: 27
    wildcards: variacion=VaryE, particula=gamma, l_corrida=2
    resources: tmpdir=/tmp


			cd /home/neutrino/software
			source run.sh
			cd /home/WatChMal/DataTools
			time python3 event_dump_barrel.py /home/compartida/2_ROOT/VaryE/gamma/wcs_MCA_gamma__2_500_MeV.root 
			mv /home/compartida/2_ROOT/VaryE/gamma/wcs_MCA_gamma__2_500_MeV.npz /home/compartida/3_NPZ_event_dump_barrel/VaryE/gamma
		
Activating singularity image ../../wcsim
[Fri Jun 10 12:27:24 2022]
Finished job 28.
37 of 49 steps (76%) done
Select jobs to execute...

[Fri Jun 10 12:27:24 2022]
rule npz_to_image:
    input: ../../../../data/3_NPZ_event_dump/VaryE/gamma/wcs_MCA_gamma__3_500_MeV.npz
    output: ../../../../data/4_Imagen_NPZ/VaryE/gamma/IMAGES_wcs_MCA_gamma__3_500_MeV.npy
    jobid: 40
    wildcards: variacion=VaryE, particula=gamma, l_corrida=3
    resources: tmpdir=/tmp


			python3 /home/Tools_HKM/npz_to_image.py -m /home/compartida/Geometries/IWCD_geometry_mPMT.npy -f /home/compartida/3_NPZ_event_dump/VaryE/gamma/wcs_MCA_gamma__3_500_MeV.npz
            cd ~; mv IMAGES_wcs_MCA_gamma__3_500_MeV.npy /home/compartida/4_Imagen_NPZ/VaryE/gamma
        
Activating singularity image ../../wcsim
[Fri Jun 10 12:27:25 2022]
Finished job 27.
38 of 49 steps (78%) done
Select jobs to execute...

[Fri Jun 10 12:27:25 2022]
rule npz_to_image:
    input: ../../../../data/3_NPZ_event_dump/VaryE/gamma/wcs_MCA_gamma__5_500_MeV.npz
    output: ../../../../data/4_Imagen_NPZ/VaryE/gamma/IMAGES_wcs_MCA_gamma__5_500_MeV.npy
    jobid: 42
    wildcards: variacion=VaryE, particula=gamma, l_corrida=5
    resources: tmpdir=/tmp


			python3 /home/Tools_HKM/npz_to_image.py -m /home/compartida/Geometries/IWCD_geometry_mPMT.npy -f /home/compartida/3_NPZ_event_dump/VaryE/gamma/wcs_MCA_gamma__5_500_MeV.npz
            cd ~; mv IMAGES_wcs_MCA_gamma__5_500_MeV.npy /home/compartida/4_Imagen_NPZ/VaryE/gamma
        
Activating singularity image ../../wcsim
[Fri Jun 10 12:27:26 2022]
Finished job 15.
39 of 49 steps (80%) done
Select jobs to execute...

[Fri Jun 10 12:27:26 2022]
rule root_to_event_dump:
    input: ../../../../data/2_ROOT/VaryE/gamma/wcs_MCA_gamma__8_500_MeV.root
    output: ../../../../data/3_NPZ_event_dump/VaryE/gamma/wcs_MCA_gamma__8_500_MeV.npz
    jobid: 21
    wildcards: variacion=VaryE, particula=gamma, l_corrida=8
    resources: tmpdir=/tmp


			cd /home/neutrino/software
			source run.sh
			cd /home/WatChMal/DataTools
			time python3 event_dump.py /home/compartida/2_ROOT/VaryE/gamma/wcs_MCA_gamma__8_500_MeV.root 
			mv /home/compartida/2_ROOT/VaryE/gamma/wcs_MCA_gamma__8_500_MeV.npz /home/compartida/3_NPZ_event_dump/VaryE/gamma
		
Activating singularity image ../../wcsim
[Fri Jun 10 12:27:27 2022]
Finished job 40.
40 of 49 steps (82%) done
Select jobs to execute...

[Fri Jun 10 12:27:27 2022]
rule npz_to_image:
    input: ../../../../data/3_NPZ_event_dump/VaryE/gamma/wcs_MCA_gamma__2_500_MeV.npz
    output: ../../../../data/4_Imagen_NPZ/VaryE/gamma/IMAGES_wcs_MCA_gamma__2_500_MeV.npy
    jobid: 39
    wildcards: variacion=VaryE, particula=gamma, l_corrida=2
    resources: tmpdir=/tmp


			python3 /home/Tools_HKM/npz_to_image.py -m /home/compartida/Geometries/IWCD_geometry_mPMT.npy -f /home/compartida/3_NPZ_event_dump/VaryE/gamma/wcs_MCA_gamma__2_500_MeV.npz
            cd ~; mv IMAGES_wcs_MCA_gamma__2_500_MeV.npy /home/compartida/4_Imagen_NPZ/VaryE/gamma
        
Activating singularity image ../../wcsim
[Fri Jun 10 12:27:27 2022]
Finished job 8.
41 of 49 steps (84%) done
Select jobs to execute...

[Fri Jun 10 12:27:27 2022]
rule root_to_event_dump_barrel:
    input: ../../../../data/2_ROOT/VaryE/gamma/wcs_MCA_gamma__7_500_MeV.root
    output: ../../../../data/3_NPZ_event_dump_barrel/VaryE/gamma/wcs_MCA_gamma__7_500_MeV.npz
    jobid: 32
    wildcards: variacion=VaryE, particula=gamma, l_corrida=7
    resources: tmpdir=/tmp


			cd /home/neutrino/software
			source run.sh
			cd /home/WatChMal/DataTools
			time python3 event_dump_barrel.py /home/compartida/2_ROOT/VaryE/gamma/wcs_MCA_gamma__7_500_MeV.root 
			mv /home/compartida/2_ROOT/VaryE/gamma/wcs_MCA_gamma__7_500_MeV.npz /home/compartida/3_NPZ_event_dump_barrel/VaryE/gamma
		
Activating singularity image ../../wcsim
[Fri Jun 10 12:27:28 2022]
Finished job 42.
42 of 49 steps (86%) done
Select jobs to execute...

[Fri Jun 10 12:27:28 2022]
rule root_to_event_dump:
    input: ../../../../data/2_ROOT/VaryE/gamma/wcs_MCA_gamma__7_500_MeV.root
    output: ../../../../data/3_NPZ_event_dump/VaryE/gamma/wcs_MCA_gamma__7_500_MeV.npz
    jobid: 20
    wildcards: variacion=VaryE, particula=gamma, l_corrida=7
    resources: tmpdir=/tmp


			cd /home/neutrino/software
			source run.sh
			cd /home/WatChMal/DataTools
			time python3 event_dump.py /home/compartida/2_ROOT/VaryE/gamma/wcs_MCA_gamma__7_500_MeV.root 
			mv /home/compartida/2_ROOT/VaryE/gamma/wcs_MCA_gamma__7_500_MeV.npz /home/compartida/3_NPZ_event_dump/VaryE/gamma
		
Activating singularity image ../../wcsim
[Fri Jun 10 12:27:28 2022]
Finished job 32.
43 of 49 steps (88%) done
[Fri Jun 10 12:27:29 2022]
Finished job 21.
44 of 49 steps (90%) done
Select jobs to execute...

[Fri Jun 10 12:27:29 2022]
rule npz_to_image:
    input: ../../../../data/3_NPZ_event_dump/VaryE/gamma/wcs_MCA_gamma__8_500_MeV.npz
    output: ../../../../data/4_Imagen_NPZ/VaryE/gamma/IMAGES_wcs_MCA_gamma__8_500_MeV.npy
    jobid: 45
    wildcards: variacion=VaryE, particula=gamma, l_corrida=8
    resources: tmpdir=/tmp


			python3 /home/Tools_HKM/npz_to_image.py -m /home/compartida/Geometries/IWCD_geometry_mPMT.npy -f /home/compartida/3_NPZ_event_dump/VaryE/gamma/wcs_MCA_gamma__8_500_MeV.npz
            cd ~; mv IMAGES_wcs_MCA_gamma__8_500_MeV.npy /home/compartida/4_Imagen_NPZ/VaryE/gamma
        
Activating singularity image ../../wcsim
[Fri Jun 10 12:27:29 2022]
Finished job 39.
45 of 49 steps (92%) done
[Fri Jun 10 12:27:30 2022]
Finished job 20.
46 of 49 steps (94%) done
Select jobs to execute...

[Fri Jun 10 12:27:30 2022]
rule npz_to_image:
    input: ../../../../data/3_NPZ_event_dump/VaryE/gamma/wcs_MCA_gamma__7_500_MeV.npz
    output: ../../../../data/4_Imagen_NPZ/VaryE/gamma/IMAGES_wcs_MCA_gamma__7_500_MeV.npy
    jobid: 44
    wildcards: variacion=VaryE, particula=gamma, l_corrida=7
    resources: tmpdir=/tmp


			python3 /home/Tools_HKM/npz_to_image.py -m /home/compartida/Geometries/IWCD_geometry_mPMT.npy -f /home/compartida/3_NPZ_event_dump/VaryE/gamma/wcs_MCA_gamma__7_500_MeV.npz
            cd ~; mv IMAGES_wcs_MCA_gamma__7_500_MeV.npy /home/compartida/4_Imagen_NPZ/VaryE/gamma
        
Activating singularity image ../../wcsim
[Fri Jun 10 12:27:31 2022]
Finished job 45.
47 of 49 steps (96%) done
[Fri Jun 10 12:27:32 2022]
Finished job 44.
48 of 49 steps (98%) done
Select jobs to execute...

[Fri Jun 10 12:27:32 2022]
localrule all:
    input: ../../../../data/1_MAC/VaryE/gamma/wcs_MCA_gamma__0_500_MeV.mac, ../../../../data/1_MAC/VaryE/gamma/wcs_MCA_gamma__1_500_MeV.mac, ../../../../data/1_MAC/VaryE/gamma/wcs_MCA_gamma__2_500_MeV.mac, ../../../../data/1_MAC/VaryE/gamma/wcs_MCA_gamma__3_500_MeV.mac, ../../../../data/1_MAC/VaryE/gamma/wcs_MCA_gamma__4_500_MeV.mac, ../../../../data/1_MAC/VaryE/gamma/wcs_MCA_gamma__5_500_MeV.mac, ../../../../data/1_MAC/VaryE/gamma/wcs_MCA_gamma__6_500_MeV.mac, ../../../../data/1_MAC/VaryE/gamma/wcs_MCA_gamma__7_500_MeV.mac, ../../../../data/1_MAC/VaryE/gamma/wcs_MCA_gamma__8_500_MeV.mac, ../../../../data/1_MAC/VaryE/gamma/wcs_MCA_gamma__9_500_MeV.mac, ../../../../data/1_MAC/VaryE/gamma/wcs_MCA_gamma__10_500_MeV.mac, ../../../../data/1_MAC/VaryE/gamma/wcs_MCA_gamma__11_500_MeV.mac, ../../../../data/2_ROOT/VaryE/gamma/wcs_MCA_gamma__0_500_MeV.root, ../../../../data/2_ROOT/VaryE/gamma/wcs_MCA_gamma__1_500_MeV.root, ../../../../data/2_ROOT/VaryE/gamma/wcs_MCA_gamma__2_500_MeV.root, ../../../../data/2_ROOT/VaryE/gamma/wcs_MCA_gamma__3_500_MeV.root, ../../../../data/2_ROOT/VaryE/gamma/wcs_MCA_gamma__4_500_MeV.root, ../../../../data/2_ROOT/VaryE/gamma/wcs_MCA_gamma__5_500_MeV.root, ../../../../data/2_ROOT/VaryE/gamma/wcs_MCA_gamma__6_500_MeV.root, ../../../../data/2_ROOT/VaryE/gamma/wcs_MCA_gamma__7_500_MeV.root, ../../../../data/2_ROOT/VaryE/gamma/wcs_MCA_gamma__8_500_MeV.root, ../../../../data/2_ROOT/VaryE/gamma/wcs_MCA_gamma__9_500_MeV.root, ../../../../data/2_ROOT/VaryE/gamma/wcs_MCA_gamma__10_500_MeV.root, ../../../../data/2_ROOT/VaryE/gamma/wcs_MCA_gamma__11_500_MeV.root, ../../../../data/3_NPZ_event_dump/VaryE/gamma/wcs_MCA_gamma__0_500_MeV.npz, ../../../../data/3_NPZ_event_dump/VaryE/gamma/wcs_MCA_gamma__1_500_MeV.npz, ../../../../data/3_NPZ_event_dump/VaryE/gamma/wcs_MCA_gamma__2_500_MeV.npz, ../../../../data/3_NPZ_event_dump/VaryE/gamma/wcs_MCA_gamma__3_500_MeV.npz, ../../../../data/3_NPZ_event_dump/VaryE/gamma/wcs_MCA_gamma__4_500_MeV.npz, ../../../../data/3_NPZ_event_dump/VaryE/gamma/wcs_MCA_gamma__5_500_MeV.npz, ../../../../data/3_NPZ_event_dump/VaryE/gamma/wcs_MCA_gamma__6_500_MeV.npz, ../../../../data/3_NPZ_event_dump/VaryE/gamma/wcs_MCA_gamma__7_500_MeV.npz, ../../../../data/3_NPZ_event_dump/VaryE/gamma/wcs_MCA_gamma__8_500_MeV.npz, ../../../../data/3_NPZ_event_dump/VaryE/gamma/wcs_MCA_gamma__9_500_MeV.npz, ../../../../data/3_NPZ_event_dump/VaryE/gamma/wcs_MCA_gamma__10_500_MeV.npz, ../../../../data/3_NPZ_event_dump/VaryE/gamma/wcs_MCA_gamma__11_500_MeV.npz, ../../../../data/3_NPZ_event_dump_barrel/VaryE/gamma/wcs_MCA_gamma__0_500_MeV.npz, ../../../../data/3_NPZ_event_dump_barrel/VaryE/gamma/wcs_MCA_gamma__1_500_MeV.npz, ../../../../data/3_NPZ_event_dump_barrel/VaryE/gamma/wcs_MCA_gamma__2_500_MeV.npz, ../../../../data/3_NPZ_event_dump_barrel/VaryE/gamma/wcs_MCA_gamma__3_500_MeV.npz, ../../../../data/3_NPZ_event_dump_barrel/VaryE/gamma/wcs_MCA_gamma__4_500_MeV.npz, ../../../../data/3_NPZ_event_dump_barrel/VaryE/gamma/wcs_MCA_gamma__5_500_MeV.npz, ../../../../data/3_NPZ_event_dump_barrel/VaryE/gamma/wcs_MCA_gamma__6_500_MeV.npz, ../../../../data/3_NPZ_event_dump_barrel/VaryE/gamma/wcs_MCA_gamma__7_500_MeV.npz, ../../../../data/3_NPZ_event_dump_barrel/VaryE/gamma/wcs_MCA_gamma__8_500_MeV.npz, ../../../../data/3_NPZ_event_dump_barrel/VaryE/gamma/wcs_MCA_gamma__9_500_MeV.npz, ../../../../data/3_NPZ_event_dump_barrel/VaryE/gamma/wcs_MCA_gamma__10_500_MeV.npz, ../../../../data/3_NPZ_event_dump_barrel/VaryE/gamma/wcs_MCA_gamma__11_500_MeV.npz, ../../../../data/4_Imagen_NPZ/VaryE/gamma/IMAGES_wcs_MCA_gamma__0_500_MeV.npy, ../../../../data/4_Imagen_NPZ/VaryE/gamma/IMAGES_wcs_MCA_gamma__1_500_MeV.npy, ../../../../data/4_Imagen_NPZ/VaryE/gamma/IMAGES_wcs_MCA_gamma__2_500_MeV.npy, ../../../../data/4_Imagen_NPZ/VaryE/gamma/IMAGES_wcs_MCA_gamma__3_500_MeV.npy, ../../../../data/4_Imagen_NPZ/VaryE/gamma/IMAGES_wcs_MCA_gamma__4_500_MeV.npy, ../../../../data/4_Imagen_NPZ/VaryE/gamma/IMAGES_wcs_MCA_gamma__5_500_MeV.npy, ../../../../data/4_Imagen_NPZ/VaryE/gamma/IMAGES_wcs_MCA_gamma__6_500_MeV.npy, ../../../../data/4_Imagen_NPZ/VaryE/gamma/IMAGES_wcs_MCA_gamma__7_500_MeV.npy, ../../../../data/4_Imagen_NPZ/VaryE/gamma/IMAGES_wcs_MCA_gamma__8_500_MeV.npy, ../../../../data/4_Imagen_NPZ/VaryE/gamma/IMAGES_wcs_MCA_gamma__9_500_MeV.npy, ../../../../data/4_Imagen_NPZ/VaryE/gamma/IMAGES_wcs_MCA_gamma__10_500_MeV.npy, ../../../../data/4_Imagen_NPZ/VaryE/gamma/IMAGES_wcs_MCA_gamma__11_500_MeV.npy
    jobid: 0
    resources: tmpdir=/tmp

[Fri Jun 10 12:27:32 2022]
Finished job 0.
49 of 49 steps (100%) done
Complete log: /home/many/Documentos/WCSim_Snake/WCSim/scripts/snakemake/maquina_local/all_rules_gamma/.snakemake/log/2022-06-10T122628.704790.snakemake.log
