Building DAG of jobs...
Using shell: /usr/bin/bash
Provided cores: 4
Rules claiming more threads will be scaled down.
Job stats:
job            count    min threads    max threads
-----------  -------  -------------  -------------
all                1              1              1
mac_to_root       36              1              1
total             37              1              1

Select jobs to execute...

[Mon May 30 22:21:00 2022]
Job 13: Ejecutando archivos MAC para e-


	        cd /home/neutrino/software
	        source run.sh
            rm wcs_MCA_e-__4_500_MeV.root
            ./WCSim /home/compartida/1_MAC/VaryE/e-/wcs_MCA_e-__4_500_MeV.mac
	        mv wcs_MCA_e-__4_500_MeV.root /home/compartida/2_ROOT/VaryE/e-
        
Activating singularity image ../wcsim

[Mon May 30 22:21:00 2022]
Job 5: Ejecutando archivos MAC para gamma


	        cd /home/neutrino/software
	        source run.sh
            rm wcs_MCA_gamma__1_500_MeV.root
            ./WCSim /home/compartida/1_MAC/VaryE/gamma/wcs_MCA_gamma__1_500_MeV.mac
	        mv wcs_MCA_gamma__1_500_MeV.root /home/compartida/2_ROOT/VaryE/gamma
        
Activating singularity image ../wcsim

[Mon May 30 22:21:00 2022]
Job 34: Ejecutando archivos MAC para e-


	        cd /home/neutrino/software
	        source run.sh
            rm wcs_MCA_e-__11_500_MeV.root
            ./WCSim /home/compartida/1_MAC/VaryE/e-/wcs_MCA_e-__11_500_MeV.mac
	        mv wcs_MCA_e-__11_500_MeV.root /home/compartida/2_ROOT/VaryE/e-
        
Activating singularity image ../wcsim

[Mon May 30 22:21:00 2022]
Job 14: Ejecutando archivos MAC para gamma


	        cd /home/neutrino/software
	        source run.sh
            rm wcs_MCA_gamma__4_500_MeV.root
            ./WCSim /home/compartida/1_MAC/VaryE/gamma/wcs_MCA_gamma__4_500_MeV.mac
	        mv wcs_MCA_gamma__4_500_MeV.root /home/compartida/2_ROOT/VaryE/gamma
        
Activating singularity image ../wcsim
[Mon May 30 22:21:48 2022]
Finished job 14.
1 of 37 steps (3%) done
Select jobs to execute...

[Mon May 30 22:21:48 2022]
Job 15: Ejecutando archivos MAC para mu-


	        cd /home/neutrino/software
	        source run.sh
            rm wcs_MCA_mu-__4_500_MeV.root
            ./WCSim /home/compartida/1_MAC/VaryE/mu-/wcs_MCA_mu-__4_500_MeV.mac
	        mv wcs_MCA_mu-__4_500_MeV.root /home/compartida/2_ROOT/VaryE/mu-
        
Activating singularity image ../wcsim
[Mon May 30 22:21:48 2022]
Finished job 13.
2 of 37 steps (5%) done
[Mon May 30 22:21:48 2022]
Finished job 34.
3 of 37 steps (8%) done
Select jobs to execute...

[Mon May 30 22:21:48 2022]
Job 17: Ejecutando archivos MAC para gamma


	        cd /home/neutrino/software
	        source run.sh
            rm wcs_MCA_gamma__5_500_MeV.root
            ./WCSim /home/compartida/1_MAC/VaryE/gamma/wcs_MCA_gamma__5_500_MeV.mac
	        mv wcs_MCA_gamma__5_500_MeV.root /home/compartida/2_ROOT/VaryE/gamma
        
Activating singularity image ../wcsim

[Mon May 30 22:21:48 2022]
Job 12: Ejecutando archivos MAC para mu-


	        cd /home/neutrino/software
	        source run.sh
            rm wcs_MCA_mu-__3_500_MeV.root
            ./WCSim /home/compartida/1_MAC/VaryE/mu-/wcs_MCA_mu-__3_500_MeV.mac
	        mv wcs_MCA_mu-__3_500_MeV.root /home/compartida/2_ROOT/VaryE/mu-
        
Select jobs to execute...
Activating singularity image ../wcsim
[Mon May 30 22:22:21 2022]
Finished job 12.
4 of 37 steps (11%) done

[Mon May 30 22:22:21 2022]
Job 7: Ejecutando archivos MAC para e-


	        cd /home/neutrino/software
	        source run.sh
            rm wcs_MCA_e-__2_500_MeV.root
            ./WCSim /home/compartida/1_MAC/VaryE/e-/wcs_MCA_e-__2_500_MeV.mac
	        mv wcs_MCA_e-__2_500_MeV.root /home/compartida/2_ROOT/VaryE/e-
        
Activating singularity image ../wcsim
[Mon May 30 22:22:22 2022]
Finished job 15.
5 of 37 steps (14%) done
Select jobs to execute...

[Mon May 30 22:22:22 2022]
Job 22: Ejecutando archivos MAC para e-


	        cd /home/neutrino/software
	        source run.sh
            rm wcs_MCA_e-__7_500_MeV.root
            ./WCSim /home/compartida/1_MAC/VaryE/e-/wcs_MCA_e-__7_500_MeV.mac
	        mv wcs_MCA_e-__7_500_MeV.root /home/compartida/2_ROOT/VaryE/e-
        
Activating singularity image ../wcsim
[Mon May 30 22:22:25 2022]
Finished job 17.
6 of 37 steps (16%) done
Select jobs to execute...

[Mon May 30 22:22:25 2022]
Job 1: Ejecutando archivos MAC para e-


	        cd /home/neutrino/software
	        source run.sh
            rm wcs_MCA_e-__0_500_MeV.root
            ./WCSim /home/compartida/1_MAC/VaryE/e-/wcs_MCA_e-__0_500_MeV.mac
	        mv wcs_MCA_e-__0_500_MeV.root /home/compartida/2_ROOT/VaryE/e-
        
Activating singularity image ../wcsim
[Mon May 30 22:23:06 2022]
Finished job 22.
7 of 37 steps (19%) done
Select jobs to execute...

[Mon May 30 22:23:06 2022]
Job 16: Ejecutando archivos MAC para e-


	        cd /home/neutrino/software
	        source run.sh
            rm wcs_MCA_e-__5_500_MeV.root
            ./WCSim /home/compartida/1_MAC/VaryE/e-/wcs_MCA_e-__5_500_MeV.mac
	        mv wcs_MCA_e-__5_500_MeV.root /home/compartida/2_ROOT/VaryE/e-
        
Activating singularity image ../wcsim
[Mon May 30 22:23:08 2022]
Finished job 1.
8 of 37 steps (22%) done
Select jobs to execute...

[Mon May 30 22:23:09 2022]
Job 23: Ejecutando archivos MAC para gamma


	        cd /home/neutrino/software
	        source run.sh
            rm wcs_MCA_gamma__7_500_MeV.root
            ./WCSim /home/compartida/1_MAC/VaryE/gamma/wcs_MCA_gamma__7_500_MeV.mac
	        mv wcs_MCA_gamma__7_500_MeV.root /home/compartida/2_ROOT/VaryE/gamma
        
Activating singularity image ../wcsim
[Mon May 30 22:23:47 2022]
Finished job 16.
9 of 37 steps (24%) done
Select jobs to execute...

[Mon May 30 22:23:47 2022]
Job 30: Ejecutando archivos MAC para mu-


	        cd /home/neutrino/software
	        source run.sh
            rm wcs_MCA_mu-__9_500_MeV.root
            ./WCSim /home/compartida/1_MAC/VaryE/mu-/wcs_MCA_mu-__9_500_MeV.mac
	        mv wcs_MCA_mu-__9_500_MeV.root /home/compartida/2_ROOT/VaryE/mu-
        
Activating singularity image ../wcsim
[Mon May 30 22:23:54 2022]
Finished job 23.
10 of 37 steps (27%) done
Select jobs to execute...

[Mon May 30 22:23:54 2022]
Job 8: Ejecutando archivos MAC para gamma


	        cd /home/neutrino/software
	        source run.sh
            rm wcs_MCA_gamma__2_500_MeV.root
            ./WCSim /home/compartida/1_MAC/VaryE/gamma/wcs_MCA_gamma__2_500_MeV.mac
	        mv wcs_MCA_gamma__2_500_MeV.root /home/compartida/2_ROOT/VaryE/gamma
        
Activating singularity image ../wcsim
[Mon May 30 22:24:30 2022]
Finished job 30.
11 of 37 steps (30%) done
Select jobs to execute...

[Mon May 30 22:24:30 2022]
Job 31: Ejecutando archivos MAC para e-


	        cd /home/neutrino/software
	        source run.sh
            rm wcs_MCA_e-__10_500_MeV.root
            ./WCSim /home/compartida/1_MAC/VaryE/e-/wcs_MCA_e-__10_500_MeV.mac
	        mv wcs_MCA_e-__10_500_MeV.root /home/compartida/2_ROOT/VaryE/e-
        
Activating singularity image ../wcsim
[Mon May 30 22:24:42 2022]
Finished job 8.
12 of 37 steps (32%) done
Select jobs to execute...

[Mon May 30 22:24:42 2022]
Job 9: Ejecutando archivos MAC para mu-


	        cd /home/neutrino/software
	        source run.sh
            rm wcs_MCA_mu-__2_500_MeV.root
            ./WCSim /home/compartida/1_MAC/VaryE/mu-/wcs_MCA_mu-__2_500_MeV.mac
	        mv wcs_MCA_mu-__2_500_MeV.root /home/compartida/2_ROOT/VaryE/mu-
        
Activating singularity image ../wcsim
[Mon May 30 22:25:21 2022]
Finished job 31.
13 of 37 steps (35%) done
Select jobs to execute...

[Mon May 30 22:25:21 2022]
Job 24: Ejecutando archivos MAC para mu-


	        cd /home/neutrino/software
	        source run.sh
            rm wcs_MCA_mu-__7_500_MeV.root
            ./WCSim /home/compartida/1_MAC/VaryE/mu-/wcs_MCA_mu-__7_500_MeV.mac
	        mv wcs_MCA_mu-__7_500_MeV.root /home/compartida/2_ROOT/VaryE/mu-
        
Activating singularity image ../wcsim
[Mon May 30 22:26:04 2022]
Finished job 24.
14 of 37 steps (38%) done
Select jobs to execute...

[Mon May 30 22:26:04 2022]
Job 2: Ejecutando archivos MAC para gamma


	        cd /home/neutrino/software
	        source run.sh
            rm wcs_MCA_gamma__0_500_MeV.root
            ./WCSim /home/compartida/1_MAC/VaryE/gamma/wcs_MCA_gamma__0_500_MeV.mac
	        mv wcs_MCA_gamma__0_500_MeV.root /home/compartida/2_ROOT/VaryE/gamma
        
Activating singularity image ../wcsim
[Mon May 30 22:26:56 2022]
Finished job 2.
15 of 37 steps (41%) done
Select jobs to execute...

[Mon May 30 22:26:56 2022]
Job 3: Ejecutando archivos MAC para mu-


	        cd /home/neutrino/software
	        source run.sh
            rm wcs_MCA_mu-__0_500_MeV.root
            ./WCSim /home/compartida/1_MAC/VaryE/mu-/wcs_MCA_mu-__0_500_MeV.mac
	        mv wcs_MCA_mu-__0_500_MeV.root /home/compartida/2_ROOT/VaryE/mu-
        
Activating singularity image ../wcsim
[Mon May 30 22:27:46 2022]
Finished job 3.
16 of 37 steps (43%) done
Select jobs to execute...

[Mon May 30 22:27:46 2022]
Job 11: Ejecutando archivos MAC para gamma


	        cd /home/neutrino/software
	        source run.sh
            rm wcs_MCA_gamma__3_500_MeV.root
            ./WCSim /home/compartida/1_MAC/VaryE/gamma/wcs_MCA_gamma__3_500_MeV.mac
	        mv wcs_MCA_gamma__3_500_MeV.root /home/compartida/2_ROOT/VaryE/gamma
        
Activating singularity image ../wcsim
[Mon May 30 22:28:31 2022]
Finished job 11.
17 of 37 steps (46%) done
Select jobs to execute...

[Mon May 30 22:28:31 2022]
Job 19: Ejecutando archivos MAC para e-


	        cd /home/neutrino/software
	        source run.sh
            rm wcs_MCA_e-__6_500_MeV.root
            ./WCSim /home/compartida/1_MAC/VaryE/e-/wcs_MCA_e-__6_500_MeV.mac
	        mv wcs_MCA_e-__6_500_MeV.root /home/compartida/2_ROOT/VaryE/e-
        
Activating singularity image ../wcsim
[Mon May 30 22:29:17 2022]
Finished job 19.
18 of 37 steps (49%) done
Select jobs to execute...

[Mon May 30 22:29:17 2022]
Job 4: Ejecutando archivos MAC para e-


	        cd /home/neutrino/software
	        source run.sh
            rm wcs_MCA_e-__1_500_MeV.root
            ./WCSim /home/compartida/1_MAC/VaryE/e-/wcs_MCA_e-__1_500_MeV.mac
	        mv wcs_MCA_e-__1_500_MeV.root /home/compartida/2_ROOT/VaryE/e-
        
Activating singularity image ../wcsim
[Mon May 30 22:30:02 2022]
Finished job 4.
19 of 37 steps (51%) done
Select jobs to execute...

[Mon May 30 22:30:03 2022]
Job 20: Ejecutando archivos MAC para gamma


	        cd /home/neutrino/software
	        source run.sh
            rm wcs_MCA_gamma__6_500_MeV.root
            ./WCSim /home/compartida/1_MAC/VaryE/gamma/wcs_MCA_gamma__6_500_MeV.mac
	        mv wcs_MCA_gamma__6_500_MeV.root /home/compartida/2_ROOT/VaryE/gamma
        
Activating singularity image ../wcsim
[Mon May 30 22:30:41 2022]
Finished job 20.
20 of 37 steps (54%) done
Select jobs to execute...

[Mon May 30 22:30:41 2022]
Job 26: Ejecutando archivos MAC para gamma


	        cd /home/neutrino/software
	        source run.sh
            rm wcs_MCA_gamma__8_500_MeV.root
            ./WCSim /home/compartida/1_MAC/VaryE/gamma/wcs_MCA_gamma__8_500_MeV.mac
	        mv wcs_MCA_gamma__8_500_MeV.root /home/compartida/2_ROOT/VaryE/gamma
        
Activating singularity image ../wcsim
[Mon May 30 22:31:26 2022]
Finished job 26.
21 of 37 steps (57%) done
Select jobs to execute...

[Mon May 30 22:31:26 2022]
Job 6: Ejecutando archivos MAC para mu-


	        cd /home/neutrino/software
	        source run.sh
            rm wcs_MCA_mu-__1_500_MeV.root
            ./WCSim /home/compartida/1_MAC/VaryE/mu-/wcs_MCA_mu-__1_500_MeV.mac
	        mv wcs_MCA_mu-__1_500_MeV.root /home/compartida/2_ROOT/VaryE/mu-
        
Activating singularity image ../wcsim
[Mon May 30 22:32:07 2022]
Finished job 6.
22 of 37 steps (59%) done
Select jobs to execute...

[Mon May 30 22:32:07 2022]
Job 28: Ejecutando archivos MAC para e-


	        cd /home/neutrino/software
	        source run.sh
            rm wcs_MCA_e-__9_500_MeV.root
            ./WCSim /home/compartida/1_MAC/VaryE/e-/wcs_MCA_e-__9_500_MeV.mac
	        mv wcs_MCA_e-__9_500_MeV.root /home/compartida/2_ROOT/VaryE/e-
        
Activating singularity image ../wcsim
[Mon May 30 22:32:47 2022]
Finished job 28.
23 of 37 steps (62%) done
Select jobs to execute...

[Mon May 30 22:32:47 2022]
Job 36: Ejecutando archivos MAC para mu-


	        cd /home/neutrino/software
	        source run.sh
            rm wcs_MCA_mu-__11_500_MeV.root
            ./WCSim /home/compartida/1_MAC/VaryE/mu-/wcs_MCA_mu-__11_500_MeV.mac
	        mv wcs_MCA_mu-__11_500_MeV.root /home/compartida/2_ROOT/VaryE/mu-
        
Activating singularity image ../wcsim
[Mon May 30 22:33:29 2022]
Finished job 36.
24 of 37 steps (65%) done
Select jobs to execute...

[Mon May 30 22:33:29 2022]
Job 10: Ejecutando archivos MAC para e-


	        cd /home/neutrino/software
	        source run.sh
            rm wcs_MCA_e-__3_500_MeV.root
            ./WCSim /home/compartida/1_MAC/VaryE/e-/wcs_MCA_e-__3_500_MeV.mac
	        mv wcs_MCA_e-__3_500_MeV.root /home/compartida/2_ROOT/VaryE/e-
        
Activating singularity image ../wcsim
[Mon May 30 22:34:18 2022]
Finished job 10.
25 of 37 steps (68%) done
Select jobs to execute...

[Mon May 30 22:34:18 2022]
Job 32: Ejecutando archivos MAC para gamma


	        cd /home/neutrino/software
	        source run.sh
            rm wcs_MCA_gamma__10_500_MeV.root
            ./WCSim /home/compartida/1_MAC/VaryE/gamma/wcs_MCA_gamma__10_500_MeV.mac
	        mv wcs_MCA_gamma__10_500_MeV.root /home/compartida/2_ROOT/VaryE/gamma
        
Activating singularity image ../wcsim
[Mon May 30 22:35:07 2022]
Finished job 32.
26 of 37 steps (70%) done
Select jobs to execute...

[Mon May 30 22:35:07 2022]
Job 18: Ejecutando archivos MAC para mu-


	        cd /home/neutrino/software
	        source run.sh
            rm wcs_MCA_mu-__5_500_MeV.root
            ./WCSim /home/compartida/1_MAC/VaryE/mu-/wcs_MCA_mu-__5_500_MeV.mac
	        mv wcs_MCA_mu-__5_500_MeV.root /home/compartida/2_ROOT/VaryE/mu-
        
Activating singularity image ../wcsim
[Mon May 30 22:35:45 2022]
Finished job 18.
27 of 37 steps (73%) done
Select jobs to execute...

[Mon May 30 22:35:45 2022]
Job 35: Ejecutando archivos MAC para gamma


	        cd /home/neutrino/software
	        source run.sh
            rm wcs_MCA_gamma__11_500_MeV.root
            ./WCSim /home/compartida/1_MAC/VaryE/gamma/wcs_MCA_gamma__11_500_MeV.mac
	        mv wcs_MCA_gamma__11_500_MeV.root /home/compartida/2_ROOT/VaryE/gamma
        
Activating singularity image ../wcsim
[Mon May 30 22:36:22 2022]
Finished job 35.
28 of 37 steps (76%) done
Select jobs to execute...

[Mon May 30 22:36:23 2022]
Job 25: Ejecutando archivos MAC para e-


	        cd /home/neutrino/software
	        source run.sh
            rm wcs_MCA_e-__8_500_MeV.root
            ./WCSim /home/compartida/1_MAC/VaryE/e-/wcs_MCA_e-__8_500_MeV.mac
	        mv wcs_MCA_e-__8_500_MeV.root /home/compartida/2_ROOT/VaryE/e-
        
Activating singularity image ../wcsim
[Mon May 30 22:37:02 2022]
Finished job 25.
29 of 37 steps (78%) done
Select jobs to execute...

[Mon May 30 22:37:02 2022]
Job 29: Ejecutando archivos MAC para gamma


	        cd /home/neutrino/software
	        source run.sh
            rm wcs_MCA_gamma__9_500_MeV.root
            ./WCSim /home/compartida/1_MAC/VaryE/gamma/wcs_MCA_gamma__9_500_MeV.mac
	        mv wcs_MCA_gamma__9_500_MeV.root /home/compartida/2_ROOT/VaryE/gamma
        
Activating singularity image ../wcsim
[Mon May 30 22:37:45 2022]
Finished job 29.
30 of 37 steps (81%) done
Select jobs to execute...

[Mon May 30 22:37:45 2022]
Job 33: Ejecutando archivos MAC para mu-


	        cd /home/neutrino/software
	        source run.sh
            rm wcs_MCA_mu-__10_500_MeV.root
            ./WCSim /home/compartida/1_MAC/VaryE/mu-/wcs_MCA_mu-__10_500_MeV.mac
	        mv wcs_MCA_mu-__10_500_MeV.root /home/compartida/2_ROOT/VaryE/mu-
        
Activating singularity image ../wcsim
[Mon May 30 22:38:24 2022]
Finished job 33.
31 of 37 steps (84%) done
Select jobs to execute...

[Mon May 30 22:38:24 2022]
Job 27: Ejecutando archivos MAC para mu-


	        cd /home/neutrino/software
	        source run.sh
            rm wcs_MCA_mu-__8_500_MeV.root
            ./WCSim /home/compartida/1_MAC/VaryE/mu-/wcs_MCA_mu-__8_500_MeV.mac
	        mv wcs_MCA_mu-__8_500_MeV.root /home/compartida/2_ROOT/VaryE/mu-
        
Activating singularity image ../wcsim
[Mon May 30 22:39:04 2022]
Finished job 27.
32 of 37 steps (86%) done
Select jobs to execute...

[Mon May 30 22:39:04 2022]
Job 21: Ejecutando archivos MAC para mu-


	        cd /home/neutrino/software
	        source run.sh
            rm wcs_MCA_mu-__6_500_MeV.root
            ./WCSim /home/compartida/1_MAC/VaryE/mu-/wcs_MCA_mu-__6_500_MeV.mac
	        mv wcs_MCA_mu-__6_500_MeV.root /home/compartida/2_ROOT/VaryE/mu-
        
Activating singularity image ../wcsim
[Mon May 30 22:39:49 2022]
Finished job 21.
33 of 37 steps (89%) done
Terminating processes on user request, this might take some time.
[Mon May 30 22:45:30 2022]
Error in rule mac_to_root:
    jobid: 9
    output: ../../../data/2_ROOT/VaryE/mu-/wcs_MCA_mu-__2_500_MeV.root
    shell:
        
	        cd /home/neutrino/software
	        source run.sh
            rm wcs_MCA_mu-__2_500_MeV.root
            ./WCSim /home/compartida/1_MAC/VaryE/mu-/wcs_MCA_mu-__2_500_MeV.mac
	        mv wcs_MCA_mu-__2_500_MeV.root /home/compartida/2_ROOT/VaryE/mu-
        
        (one of the commands exited with non-zero exit code; note that snakemake uses bash strict mode!)

[Mon May 30 22:45:30 2022]
Error in rule mac_to_root:
    jobid: 5
    output: ../../../data/2_ROOT/VaryE/gamma/wcs_MCA_gamma__1_500_MeV.root
    shell:
        
	        cd /home/neutrino/software
	        source run.sh
            rm wcs_MCA_gamma__1_500_MeV.root
            ./WCSim /home/compartida/1_MAC/VaryE/gamma/wcs_MCA_gamma__1_500_MeV.mac
	        mv wcs_MCA_gamma__1_500_MeV.root /home/compartida/2_ROOT/VaryE/gamma
        
        (one of the commands exited with non-zero exit code; note that snakemake uses bash strict mode!)

[Mon May 30 22:45:30 2022]
Error in rule mac_to_root:
    jobid: 7
    output: ../../../data/2_ROOT/VaryE/e-/wcs_MCA_e-__2_500_MeV.root
    shell:
        
	        cd /home/neutrino/software
	        source run.sh
            rm wcs_MCA_e-__2_500_MeV.root
            ./WCSim /home/compartida/1_MAC/VaryE/e-/wcs_MCA_e-__2_500_MeV.mac
	        mv wcs_MCA_e-__2_500_MeV.root /home/compartida/2_ROOT/VaryE/e-
        
        (one of the commands exited with non-zero exit code; note that snakemake uses bash strict mode!)

Complete log: /home/many/Documentos/WCSim_Snake/WCSim/scripts/snakemake/mac_root_all/.snakemake/log/2022-05-30T222059.943442.snakemake.log
