Building DAG of jobs...
Using shell: /usr/bin/bash
Provided cores: 4
Rules claiming more threads will be scaled down.
Job stats:
job            count    min threads    max threads
-----------  -------  -------------  -------------
all                1              1              1
mac_to_root       36              1              1
total             37              1              1

Select jobs to execute...

[Mon May 30 22:20:18 2022]
Job 13: Ejecutando archivos MAC para e-


	        cd /home/neutrino/software
	        source run.sh
            rm wcs_MCA_e-__4_500_MeV.root
            ./WCSim /home/compartida/1_MAC/VaryE/e-/wcs_MCA_e-__4_500_MeV.mac
	        mv wcs_MCA_e-__4_500_MeV.root /home/compartida/2_ROOT/VaryE/e-
        

Activating singularity image ../wcsim
[Mon May 30 22:20:18 2022]
Job 5: Ejecutando archivos MAC para gamma


	        cd /home/neutrino/software
	        source run.sh
            rm wcs_MCA_gamma__1_500_MeV.root
            ./WCSim /home/compartida/1_MAC/VaryE/gamma/wcs_MCA_gamma__1_500_MeV.mac
	        mv wcs_MCA_gamma__1_500_MeV.root /home/compartida/2_ROOT/VaryE/gamma
        
Activating singularity image ../wcsim

[Mon May 30 22:20:18 2022]
Job 34: Ejecutando archivos MAC para e-


	        cd /home/neutrino/software
	        source run.sh
            rm wcs_MCA_e-__11_500_MeV.root
            ./WCSim /home/compartida/1_MAC/VaryE/e-/wcs_MCA_e-__11_500_MeV.mac
	        mv wcs_MCA_e-__11_500_MeV.root /home/compartida/2_ROOT/VaryE/e-
        
Activating singularity image ../wcsim

[Mon May 30 22:20:18 2022]
Job 14: Ejecutando archivos MAC para gamma


	        cd /home/neutrino/software
	        source run.sh
            rm wcs_MCA_gamma__4_500_MeV.root
            ./WCSim /home/compartida/1_MAC/VaryE/gamma/wcs_MCA_gamma__4_500_MeV.mac
	        mv wcs_MCA_gamma__4_500_MeV.root /home/compartida/2_ROOT/VaryE/gamma
        
Activating singularity image ../wcsim
[Mon May 30 22:20:19 2022]
Error in rule mac_to_root:
    jobid: 14
    output: ../../../data/2_ROOT/VaryE/gamma/wcs_MCA_gamma__4_500_MeV.root
    shell:
        
	        cd /home/neutrino/software
	        source run.sh
            rm wcs_MCA_gamma__4_500_MeV.root
            ./WCSim /home/compartida/1_MAC/VaryE/gamma/wcs_MCA_gamma__4_500_MeV.mac
	        mv wcs_MCA_gamma__4_500_MeV.root /home/compartida/2_ROOT/VaryE/gamma
        
        (one of the commands exited with non-zero exit code; note that snakemake uses bash strict mode!)

[Mon May 30 22:20:19 2022]
[Mon May 30 22:20:19 2022]
Error in rule mac_to_root:
    jobid: 34
    output: ../../../data/2_ROOT/VaryE/e-/wcs_MCA_e-__11_500_MeV.root
    shell:
        
	        cd /home/neutrino/software
	        source run.sh
            rm wcs_MCA_e-__11_500_MeV.root
            ./WCSim /home/compartida/1_MAC/VaryE/e-/wcs_MCA_e-__11_500_MeV.mac
	        mv wcs_MCA_e-__11_500_MeV.root /home/compartida/2_ROOT/VaryE/e-
        
        (one of the commands exited with non-zero exit code; note that snakemake uses bash strict mode!)

Error in rule mac_to_root:
    jobid: 5
    output: ../../../data/2_ROOT/VaryE/gamma/wcs_MCA_gamma__1_500_MeV.root
    shell:
        
	        cd /home/neutrino/software
	        source run.sh
            rm wcs_MCA_gamma__1_500_MeV.root
            ./WCSim /home/compartida/1_MAC/VaryE/gamma/wcs_MCA_gamma__1_500_MeV.mac
	        mv wcs_MCA_gamma__1_500_MeV.root /home/compartida/2_ROOT/VaryE/gamma
        
        (one of the commands exited with non-zero exit code; note that snakemake uses bash strict mode!)

[Mon May 30 22:20:19 2022]
Error in rule mac_to_root:
    jobid: 13
    output: ../../../data/2_ROOT/VaryE/e-/wcs_MCA_e-__4_500_MeV.root
    shell:
        
	        cd /home/neutrino/software
	        source run.sh
            rm wcs_MCA_e-__4_500_MeV.root
            ./WCSim /home/compartida/1_MAC/VaryE/e-/wcs_MCA_e-__4_500_MeV.mac
	        mv wcs_MCA_e-__4_500_MeV.root /home/compartida/2_ROOT/VaryE/e-
        
        (one of the commands exited with non-zero exit code; note that snakemake uses bash strict mode!)

Shutting down, this might take some time.
Exiting because a job execution failed. Look above for error message
Complete log: /home/many/Documentos/WCSim_Snake/WCSim/scripts/snakemake/mac_root_all/.snakemake/log/2022-05-30T222017.250203.snakemake.log
