Building DAG of jobs...
Using shell: /usr/bin/bash
Provided cores: 4
Rules claiming more threads will be scaled down.
Job stats:
job                          count    min threads    max threads
-------------------------  -------  -------------  -------------
all                              1              1              1
mac_to_root                      9              1              1
npz_to_image                     9              1              1
root_to_event_dump               9              1              1
root_to_event_dump_barrel        9              1              1
total                           37              1              1

Select jobs to execute...

[Mon May 30 22:51:10 2022]
rule mac_to_root:
    input: ../../../data/1_MAC/VaryE/e-/wcs_MCA_e-__0_500_MeV.mac
    output: ../../../data/2_ROOT/VaryE/e-/wcs_MCA_e-__0_500_MeV.root
    jobid: 1
    wildcards: variacion=VaryE, particula=e-, l_corrida=0
    resources: tmpdir=/tmp


	        cd /home/neutrino/software
	        source run.sh
            rm wcs_MCA_e-__0_500_MeV.root
            ./WCSim /home/compartida/1_MAC/VaryE/e-/wcs_MCA_e-__0_500_MeV.mac
	        mv wcs_MCA_e-__0_500_MeV.root /home/compartida/2_ROOT/VaryE/e-
        
Activating singularity image ../wcsim

[Mon May 30 22:51:10 2022]
rule mac_to_root:
    input: ../../../data/1_MAC/VaryE/e-/wcs_MCA_e-__1_500_MeV.mac
    output: ../../../data/2_ROOT/VaryE/e-/wcs_MCA_e-__1_500_MeV.root
    jobid: 4
    wildcards: variacion=VaryE, particula=e-, l_corrida=1
    resources: tmpdir=/tmp


	        cd /home/neutrino/software
	        source run.sh
            rm wcs_MCA_e-__1_500_MeV.root
            ./WCSim /home/compartida/1_MAC/VaryE/e-/wcs_MCA_e-__1_500_MeV.mac
	        mv wcs_MCA_e-__1_500_MeV.root /home/compartida/2_ROOT/VaryE/e-
        
Activating singularity image ../wcsim

[Mon May 30 22:51:10 2022]
rule mac_to_root:
    input: ../../../data/1_MAC/VaryE/mu-/wcs_MCA_mu-__1_500_MeV.mac
    output: ../../../data/2_ROOT/VaryE/mu-/wcs_MCA_mu-__1_500_MeV.root
    jobid: 6
    wildcards: variacion=VaryE, particula=mu-, l_corrida=1
    resources: tmpdir=/tmp


	        cd /home/neutrino/software
	        source run.sh
            rm wcs_MCA_mu-__1_500_MeV.root
            ./WCSim /home/compartida/1_MAC/VaryE/mu-/wcs_MCA_mu-__1_500_MeV.mac
	        mv wcs_MCA_mu-__1_500_MeV.root /home/compartida/2_ROOT/VaryE/mu-
        
Activating singularity image ../wcsim

[Mon May 30 22:51:10 2022]
rule mac_to_root:
    input: ../../../data/1_MAC/VaryE/gamma/wcs_MCA_gamma__2_500_MeV.mac
    output: ../../../data/2_ROOT/VaryE/gamma/wcs_MCA_gamma__2_500_MeV.root
    jobid: 8
    wildcards: variacion=VaryE, particula=gamma, l_corrida=2
    resources: tmpdir=/tmp


	        cd /home/neutrino/software
	        source run.sh
            rm wcs_MCA_gamma__2_500_MeV.root
            ./WCSim /home/compartida/1_MAC/VaryE/gamma/wcs_MCA_gamma__2_500_MeV.mac
	        mv wcs_MCA_gamma__2_500_MeV.root /home/compartida/2_ROOT/VaryE/gamma
        
Activating singularity image ../wcsim
[Mon May 30 22:51:43 2022]
Finished job 6.
1 of 37 steps (3%) done
Select jobs to execute...

[Mon May 30 22:51:43 2022]
rule root_to_event_dump_barrel:
    input: ../../../data/2_ROOT/VaryE/mu-/wcs_MCA_mu-__1_500_MeV.root
    output: ../../../data/3_NPZ_event_dump_barrel/VaryE/mu-/wcs_MCA_mu-__1_500_MeV.npz
    jobid: 24
    wildcards: variacion=VaryE, particula=mu-, l_corrida=1
    resources: tmpdir=/tmp


			cd /home/neutrino/software
			source run.sh
			cd /home/WatChMal/DataTools
			time python3 event_dump_barrel.py /home/compartida/2_ROOT/VaryE/mu-/wcs_MCA_mu-__1_500_MeV.root 
			mv /home/compartida/2_ROOT/VaryE/mu-/wcs_MCA_mu-__1_500_MeV.npz /home/compartida/3_NPZ_event_dump_barrel/VaryE/mu-
		
Activating singularity image ../wcsim
[Mon May 30 22:51:45 2022]
Finished job 1.
2 of 37 steps (5%) done
Select jobs to execute...

[Mon May 30 22:51:45 2022]
rule root_to_event_dump_barrel:
    input: ../../../data/2_ROOT/VaryE/e-/wcs_MCA_e-__0_500_MeV.root
    output: ../../../data/3_NPZ_event_dump_barrel/VaryE/e-/wcs_MCA_e-__0_500_MeV.npz
    jobid: 19
    wildcards: variacion=VaryE, particula=e-, l_corrida=0
    resources: tmpdir=/tmp


			cd /home/neutrino/software
			source run.sh
			cd /home/WatChMal/DataTools
			time python3 event_dump_barrel.py /home/compartida/2_ROOT/VaryE/e-/wcs_MCA_e-__0_500_MeV.root 
			mv /home/compartida/2_ROOT/VaryE/e-/wcs_MCA_e-__0_500_MeV.npz /home/compartida/3_NPZ_event_dump_barrel/VaryE/e-
		
Activating singularity image ../wcsim
[Mon May 30 22:51:45 2022]
Finished job 8.
3 of 37 steps (8%) done
Select jobs to execute...

[Mon May 30 22:51:45 2022]
rule root_to_event_dump_barrel:
    input: ../../../data/2_ROOT/VaryE/gamma/wcs_MCA_gamma__2_500_MeV.root
    output: ../../../data/3_NPZ_event_dump_barrel/VaryE/gamma/wcs_MCA_gamma__2_500_MeV.npz
    jobid: 26
    wildcards: variacion=VaryE, particula=gamma, l_corrida=2
    resources: tmpdir=/tmp


			cd /home/neutrino/software
			source run.sh
			cd /home/WatChMal/DataTools
			time python3 event_dump_barrel.py /home/compartida/2_ROOT/VaryE/gamma/wcs_MCA_gamma__2_500_MeV.root 
			mv /home/compartida/2_ROOT/VaryE/gamma/wcs_MCA_gamma__2_500_MeV.npz /home/compartida/3_NPZ_event_dump_barrel/VaryE/gamma
		
Activating singularity image ../wcsim
[Mon May 30 22:51:45 2022]
Finished job 4.
4 of 37 steps (11%) done
Select jobs to execute...

[Mon May 30 22:51:46 2022]
rule root_to_event_dump_barrel:
    input: ../../../data/2_ROOT/VaryE/e-/wcs_MCA_e-__1_500_MeV.root
    output: ../../../data/3_NPZ_event_dump_barrel/VaryE/e-/wcs_MCA_e-__1_500_MeV.npz
    jobid: 22
    wildcards: variacion=VaryE, particula=e-, l_corrida=1
    resources: tmpdir=/tmp


			cd /home/neutrino/software
			source run.sh
			cd /home/WatChMal/DataTools
			time python3 event_dump_barrel.py /home/compartida/2_ROOT/VaryE/e-/wcs_MCA_e-__1_500_MeV.root 
			mv /home/compartida/2_ROOT/VaryE/e-/wcs_MCA_e-__1_500_MeV.npz /home/compartida/3_NPZ_event_dump_barrel/VaryE/e-
		
Activating singularity image ../wcsim
[Mon May 30 22:51:50 2022]
Finished job 24.
5 of 37 steps (14%) done
Select jobs to execute...

[Mon May 30 22:51:50 2022]
rule root_to_event_dump:
    input: ../../../data/2_ROOT/VaryE/e-/wcs_MCA_e-__1_500_MeV.root
    output: ../../../data/3_NPZ_event_dump/VaryE/e-/wcs_MCA_e-__1_500_MeV.npz
    jobid: 13
    wildcards: variacion=VaryE, particula=e-, l_corrida=1
    resources: tmpdir=/tmp


			cd /home/neutrino/software
			source run.sh
			cd /home/WatChMal/DataTools
			time python3 event_dump.py /home/compartida/2_ROOT/VaryE/e-/wcs_MCA_e-__1_500_MeV.root 
			mv /home/compartida/2_ROOT/VaryE/e-/wcs_MCA_e-__1_500_MeV.npz /home/compartida/3_NPZ_event_dump/VaryE/e-
		
Activating singularity image ../wcsim
[Mon May 30 22:51:50 2022]
Finished job 26.
6 of 37 steps (16%) done
[Mon May 30 22:51:50 2022]
Finished job 19.
7 of 37 steps (19%) done
[Mon May 30 22:51:50 2022]
Finished job 22.
8 of 37 steps (22%) done
Select jobs to execute...

[Mon May 30 22:51:50 2022]
rule mac_to_root:
    input: ../../../data/1_MAC/VaryE/gamma/wcs_MCA_gamma__0_500_MeV.mac
    output: ../../../data/2_ROOT/VaryE/gamma/wcs_MCA_gamma__0_500_MeV.root
    jobid: 2
    wildcards: variacion=VaryE, particula=gamma, l_corrida=0
    resources: tmpdir=/tmp


	        cd /home/neutrino/software
	        source run.sh
            rm wcs_MCA_gamma__0_500_MeV.root
            ./WCSim /home/compartida/1_MAC/VaryE/gamma/wcs_MCA_gamma__0_500_MeV.mac
	        mv wcs_MCA_gamma__0_500_MeV.root /home/compartida/2_ROOT/VaryE/gamma
        
Activating singularity image ../wcsim

[Mon May 30 22:51:50 2022]
rule root_to_event_dump:
    input: ../../../data/2_ROOT/VaryE/e-/wcs_MCA_e-__0_500_MeV.root
    output: ../../../data/3_NPZ_event_dump/VaryE/e-/wcs_MCA_e-__0_500_MeV.npz
    jobid: 10
    wildcards: variacion=VaryE, particula=e-, l_corrida=0
    resources: tmpdir=/tmp


			cd /home/neutrino/software
			source run.sh
			cd /home/WatChMal/DataTools
			time python3 event_dump.py /home/compartida/2_ROOT/VaryE/e-/wcs_MCA_e-__0_500_MeV.root 
			mv /home/compartida/2_ROOT/VaryE/e-/wcs_MCA_e-__0_500_MeV.npz /home/compartida/3_NPZ_event_dump/VaryE/e-
		

Activating singularity image ../wcsim
[Mon May 30 22:51:50 2022]
rule mac_to_root:
    input: ../../../data/1_MAC/VaryE/e-/wcs_MCA_e-__2_500_MeV.mac
    output: ../../../data/2_ROOT/VaryE/e-/wcs_MCA_e-__2_500_MeV.root
    jobid: 7
    wildcards: variacion=VaryE, particula=e-, l_corrida=2
    resources: tmpdir=/tmp


	        cd /home/neutrino/software
	        source run.sh
            rm wcs_MCA_e-__2_500_MeV.root
            ./WCSim /home/compartida/1_MAC/VaryE/e-/wcs_MCA_e-__2_500_MeV.mac
	        mv wcs_MCA_e-__2_500_MeV.root /home/compartida/2_ROOT/VaryE/e-
        
Select jobs to execute...
Activating singularity image ../wcsim
[Mon May 30 22:51:56 2022]
Finished job 13.
9 of 37 steps (24%) done

[Mon May 30 22:51:56 2022]
rule root_to_event_dump:
    input: ../../../data/2_ROOT/VaryE/gamma/wcs_MCA_gamma__2_500_MeV.root
    output: ../../../data/3_NPZ_event_dump/VaryE/gamma/wcs_MCA_gamma__2_500_MeV.npz
    jobid: 17
    wildcards: variacion=VaryE, particula=gamma, l_corrida=2
    resources: tmpdir=/tmp


			cd /home/neutrino/software
			source run.sh
			cd /home/WatChMal/DataTools
			time python3 event_dump.py /home/compartida/2_ROOT/VaryE/gamma/wcs_MCA_gamma__2_500_MeV.root 
			mv /home/compartida/2_ROOT/VaryE/gamma/wcs_MCA_gamma__2_500_MeV.npz /home/compartida/3_NPZ_event_dump/VaryE/gamma
		
Activating singularity image ../wcsim
[Mon May 30 22:51:56 2022]
Finished job 10.
10 of 37 steps (27%) done
Select jobs to execute...

[Mon May 30 22:51:56 2022]
rule npz_to_image:
    input: ../../../data/3_NPZ_event_dump/VaryE/e-/wcs_MCA_e-__0_500_MeV.npz
    output: ../../../data/4_Imagen_NPZ/VaryE/e-/IMAGES_wcs_MCA_e-__0_500_MeV.npy
    jobid: 28
    wildcards: variacion=VaryE, particula=e-, l_corrida=0
    resources: tmpdir=/tmp


			python3 /home/Tools_HKM/npz_to_image.py -m /home/compartida/Geometries/IWCD_geometry_mPMT.npy -f /home/compartida/3_NPZ_event_dump/VaryE/e-/wcs_MCA_e-__0_500_MeV.npz
            cd ~; mv IMAGES_wcs_MCA_e-__0_500_MeV.npy /home/compartida/4_Imagen_NPZ/VaryE/e-
        
Activating singularity image ../wcsim
[Mon May 30 22:52:01 2022]
Finished job 17.
11 of 37 steps (30%) done
Select jobs to execute...

[Mon May 30 22:52:01 2022]
rule mac_to_root:
    input: ../../../data/1_MAC/VaryE/gamma/wcs_MCA_gamma__1_500_MeV.mac
    output: ../../../data/2_ROOT/VaryE/gamma/wcs_MCA_gamma__1_500_MeV.root
    jobid: 5
    wildcards: variacion=VaryE, particula=gamma, l_corrida=1
    resources: tmpdir=/tmp


	        cd /home/neutrino/software
	        source run.sh
            rm wcs_MCA_gamma__1_500_MeV.root
            ./WCSim /home/compartida/1_MAC/VaryE/gamma/wcs_MCA_gamma__1_500_MeV.mac
	        mv wcs_MCA_gamma__1_500_MeV.root /home/compartida/2_ROOT/VaryE/gamma
        
Activating singularity image ../wcsim
[Mon May 30 22:52:04 2022]
Finished job 28.
12 of 37 steps (32%) done
Select jobs to execute...

[Mon May 30 22:52:04 2022]
rule mac_to_root:
    input: ../../../data/1_MAC/VaryE/mu-/wcs_MCA_mu-__2_500_MeV.mac
    output: ../../../data/2_ROOT/VaryE/mu-/wcs_MCA_mu-__2_500_MeV.root
    jobid: 9
    wildcards: variacion=VaryE, particula=mu-, l_corrida=2
    resources: tmpdir=/tmp


	        cd /home/neutrino/software
	        source run.sh
            rm wcs_MCA_mu-__2_500_MeV.root
            ./WCSim /home/compartida/1_MAC/VaryE/mu-/wcs_MCA_mu-__2_500_MeV.mac
	        mv wcs_MCA_mu-__2_500_MeV.root /home/compartida/2_ROOT/VaryE/mu-
        
Activating singularity image ../wcsim
[Mon May 30 22:52:25 2022]
Finished job 7.
13 of 37 steps (35%) done
Select jobs to execute...

[Mon May 30 22:52:25 2022]
rule mac_to_root:
    input: ../../../data/1_MAC/VaryE/mu-/wcs_MCA_mu-__0_500_MeV.mac
    output: ../../../data/2_ROOT/VaryE/mu-/wcs_MCA_mu-__0_500_MeV.root
    jobid: 3
    wildcards: variacion=VaryE, particula=mu-, l_corrida=0
    resources: tmpdir=/tmp


	        cd /home/neutrino/software
	        source run.sh
            rm wcs_MCA_mu-__0_500_MeV.root
            ./WCSim /home/compartida/1_MAC/VaryE/mu-/wcs_MCA_mu-__0_500_MeV.mac
	        mv wcs_MCA_mu-__0_500_MeV.root /home/compartida/2_ROOT/VaryE/mu-
        
Activating singularity image ../wcsim
[Mon May 30 22:52:30 2022]
Finished job 2.
14 of 37 steps (38%) done
Select jobs to execute...

[Mon May 30 22:52:30 2022]
rule root_to_event_dump:
    input: ../../../data/2_ROOT/VaryE/gamma/wcs_MCA_gamma__0_500_MeV.root
    output: ../../../data/3_NPZ_event_dump/VaryE/gamma/wcs_MCA_gamma__0_500_MeV.npz
    jobid: 11
    wildcards: variacion=VaryE, particula=gamma, l_corrida=0
    resources: tmpdir=/tmp


			cd /home/neutrino/software
			source run.sh
			cd /home/WatChMal/DataTools
			time python3 event_dump.py /home/compartida/2_ROOT/VaryE/gamma/wcs_MCA_gamma__0_500_MeV.root 
			mv /home/compartida/2_ROOT/VaryE/gamma/wcs_MCA_gamma__0_500_MeV.npz /home/compartida/3_NPZ_event_dump/VaryE/gamma
		
Activating singularity image ../wcsim
[Mon May 30 22:52:32 2022]
Finished job 5.
15 of 37 steps (41%) done
Select jobs to execute...

[Mon May 30 22:52:32 2022]
rule root_to_event_dump:
    input: ../../../data/2_ROOT/VaryE/mu-/wcs_MCA_mu-__1_500_MeV.root
    output: ../../../data/3_NPZ_event_dump/VaryE/mu-/wcs_MCA_mu-__1_500_MeV.npz
    jobid: 15
    wildcards: variacion=VaryE, particula=mu-, l_corrida=1
    resources: tmpdir=/tmp


			cd /home/neutrino/software
			source run.sh
			cd /home/WatChMal/DataTools
			time python3 event_dump.py /home/compartida/2_ROOT/VaryE/mu-/wcs_MCA_mu-__1_500_MeV.root 
			mv /home/compartida/2_ROOT/VaryE/mu-/wcs_MCA_mu-__1_500_MeV.npz /home/compartida/3_NPZ_event_dump/VaryE/mu-
		
Activating singularity image ../wcsim
[Mon May 30 22:52:33 2022]
Finished job 9.
16 of 37 steps (43%) done
Select jobs to execute...

[Mon May 30 22:52:33 2022]
rule root_to_event_dump_barrel:
    input: ../../../data/2_ROOT/VaryE/mu-/wcs_MCA_mu-__2_500_MeV.root
    output: ../../../data/3_NPZ_event_dump_barrel/VaryE/mu-/wcs_MCA_mu-__2_500_MeV.npz
    jobid: 27
    wildcards: variacion=VaryE, particula=mu-, l_corrida=2
    resources: tmpdir=/tmp


			cd /home/neutrino/software
			source run.sh
			cd /home/WatChMal/DataTools
			time python3 event_dump_barrel.py /home/compartida/2_ROOT/VaryE/mu-/wcs_MCA_mu-__2_500_MeV.root 
			mv /home/compartida/2_ROOT/VaryE/mu-/wcs_MCA_mu-__2_500_MeV.npz /home/compartida/3_NPZ_event_dump_barrel/VaryE/mu-
		
Activating singularity image ../wcsim
[Mon May 30 22:52:35 2022]
Finished job 11.
17 of 37 steps (46%) done
Select jobs to execute...

[Mon May 30 22:52:35 2022]
rule npz_to_image:
    input: ../../../data/3_NPZ_event_dump/VaryE/gamma/wcs_MCA_gamma__0_500_MeV.npz
    output: ../../../data/4_Imagen_NPZ/VaryE/gamma/IMAGES_wcs_MCA_gamma__0_500_MeV.npy
    jobid: 29
    wildcards: variacion=VaryE, particula=gamma, l_corrida=0
    resources: tmpdir=/tmp


			python3 /home/Tools_HKM/npz_to_image.py -m /home/compartida/Geometries/IWCD_geometry_mPMT.npy -f /home/compartida/3_NPZ_event_dump/VaryE/gamma/wcs_MCA_gamma__0_500_MeV.npz
            cd ~; mv IMAGES_wcs_MCA_gamma__0_500_MeV.npy /home/compartida/4_Imagen_NPZ/VaryE/gamma
        
Activating singularity image ../wcsim
[Mon May 30 22:52:35 2022]
Finished job 27.
18 of 37 steps (49%) done
Select jobs to execute...

[Mon May 30 22:52:35 2022]
rule root_to_event_dump:
    input: ../../../data/2_ROOT/VaryE/mu-/wcs_MCA_mu-__2_500_MeV.root
    output: ../../../data/3_NPZ_event_dump/VaryE/mu-/wcs_MCA_mu-__2_500_MeV.npz
    jobid: 18
    wildcards: variacion=VaryE, particula=mu-, l_corrida=2
    resources: tmpdir=/tmp


			cd /home/neutrino/software
			source run.sh
			cd /home/WatChMal/DataTools
			time python3 event_dump.py /home/compartida/2_ROOT/VaryE/mu-/wcs_MCA_mu-__2_500_MeV.root 
			mv /home/compartida/2_ROOT/VaryE/mu-/wcs_MCA_mu-__2_500_MeV.npz /home/compartida/3_NPZ_event_dump/VaryE/mu-
		
Activating singularity image ../wcsim
[Mon May 30 22:52:37 2022]
Finished job 15.
19 of 37 steps (51%) done
Select jobs to execute...

[Mon May 30 22:52:37 2022]
rule npz_to_image:
    input: ../../../data/3_NPZ_event_dump/VaryE/mu-/wcs_MCA_mu-__1_500_MeV.npz
    output: ../../../data/4_Imagen_NPZ/VaryE/mu-/IMAGES_wcs_MCA_mu-__1_500_MeV.npy
    jobid: 33
    wildcards: variacion=VaryE, particula=mu-, l_corrida=1
    resources: tmpdir=/tmp


			python3 /home/Tools_HKM/npz_to_image.py -m /home/compartida/Geometries/IWCD_geometry_mPMT.npy -f /home/compartida/3_NPZ_event_dump/VaryE/mu-/wcs_MCA_mu-__1_500_MeV.npz
            cd ~; mv IMAGES_wcs_MCA_mu-__1_500_MeV.npy /home/compartida/4_Imagen_NPZ/VaryE/mu-
        
Activating singularity image ../wcsim
[Mon May 30 22:52:40 2022]
Finished job 18.
20 of 37 steps (54%) done
Select jobs to execute...

[Mon May 30 22:52:40 2022]
rule npz_to_image:
    input: ../../../data/3_NPZ_event_dump/VaryE/mu-/wcs_MCA_mu-__2_500_MeV.npz
    output: ../../../data/4_Imagen_NPZ/VaryE/mu-/IMAGES_wcs_MCA_mu-__2_500_MeV.npy
    jobid: 36
    wildcards: variacion=VaryE, particula=mu-, l_corrida=2
    resources: tmpdir=/tmp


			python3 /home/Tools_HKM/npz_to_image.py -m /home/compartida/Geometries/IWCD_geometry_mPMT.npy -f /home/compartida/3_NPZ_event_dump/VaryE/mu-/wcs_MCA_mu-__2_500_MeV.npz
            cd ~; mv IMAGES_wcs_MCA_mu-__2_500_MeV.npy /home/compartida/4_Imagen_NPZ/VaryE/mu-
        
Activating singularity image ../wcsim
[Mon May 30 22:52:40 2022]
Finished job 29.
21 of 37 steps (57%) done
Select jobs to execute...

[Mon May 30 22:52:41 2022]
rule root_to_event_dump_barrel:
    input: ../../../data/2_ROOT/VaryE/gamma/wcs_MCA_gamma__1_500_MeV.root
    output: ../../../data/3_NPZ_event_dump_barrel/VaryE/gamma/wcs_MCA_gamma__1_500_MeV.npz
    jobid: 23
    wildcards: variacion=VaryE, particula=gamma, l_corrida=1
    resources: tmpdir=/tmp


			cd /home/neutrino/software
			source run.sh
			cd /home/WatChMal/DataTools
			time python3 event_dump_barrel.py /home/compartida/2_ROOT/VaryE/gamma/wcs_MCA_gamma__1_500_MeV.root 
			mv /home/compartida/2_ROOT/VaryE/gamma/wcs_MCA_gamma__1_500_MeV.npz /home/compartida/3_NPZ_event_dump_barrel/VaryE/gamma
		
Activating singularity image ../wcsim
[Mon May 30 22:52:42 2022]
Finished job 33.
22 of 37 steps (59%) done
Select jobs to execute...

[Mon May 30 22:52:42 2022]
rule root_to_event_dump:
    input: ../../../data/2_ROOT/VaryE/gamma/wcs_MCA_gamma__1_500_MeV.root
    output: ../../../data/3_NPZ_event_dump/VaryE/gamma/wcs_MCA_gamma__1_500_MeV.npz
    jobid: 14
    wildcards: variacion=VaryE, particula=gamma, l_corrida=1
    resources: tmpdir=/tmp


			cd /home/neutrino/software
			source run.sh
			cd /home/WatChMal/DataTools
			time python3 event_dump.py /home/compartida/2_ROOT/VaryE/gamma/wcs_MCA_gamma__1_500_MeV.root 
			mv /home/compartida/2_ROOT/VaryE/gamma/wcs_MCA_gamma__1_500_MeV.npz /home/compartida/3_NPZ_event_dump/VaryE/gamma
		
Activating singularity image ../wcsim
[Mon May 30 22:52:43 2022]
Finished job 23.
23 of 37 steps (62%) done
Select jobs to execute...

[Mon May 30 22:52:43 2022]
rule root_to_event_dump:
    input: ../../../data/2_ROOT/VaryE/e-/wcs_MCA_e-__2_500_MeV.root
    output: ../../../data/3_NPZ_event_dump/VaryE/e-/wcs_MCA_e-__2_500_MeV.npz
    jobid: 16
    wildcards: variacion=VaryE, particula=e-, l_corrida=2
    resources: tmpdir=/tmp


			cd /home/neutrino/software
			source run.sh
			cd /home/WatChMal/DataTools
			time python3 event_dump.py /home/compartida/2_ROOT/VaryE/e-/wcs_MCA_e-__2_500_MeV.root 
			mv /home/compartida/2_ROOT/VaryE/e-/wcs_MCA_e-__2_500_MeV.npz /home/compartida/3_NPZ_event_dump/VaryE/e-
		
Activating singularity image ../wcsim
[Mon May 30 22:52:44 2022]
Finished job 36.
24 of 37 steps (65%) done
Select jobs to execute...

[Mon May 30 22:52:44 2022]
rule root_to_event_dump_barrel:
    input: ../../../data/2_ROOT/VaryE/e-/wcs_MCA_e-__2_500_MeV.root
    output: ../../../data/3_NPZ_event_dump_barrel/VaryE/e-/wcs_MCA_e-__2_500_MeV.npz
    jobid: 25
    wildcards: variacion=VaryE, particula=e-, l_corrida=2
    resources: tmpdir=/tmp


			cd /home/neutrino/software
			source run.sh
			cd /home/WatChMal/DataTools
			time python3 event_dump_barrel.py /home/compartida/2_ROOT/VaryE/e-/wcs_MCA_e-__2_500_MeV.root 
			mv /home/compartida/2_ROOT/VaryE/e-/wcs_MCA_e-__2_500_MeV.npz /home/compartida/3_NPZ_event_dump_barrel/VaryE/e-
		
Activating singularity image ../wcsim
[Mon May 30 22:52:46 2022]
Finished job 25.
25 of 37 steps (68%) done
Select jobs to execute...

[Mon May 30 22:52:46 2022]
rule root_to_event_dump_barrel:
    input: ../../../data/2_ROOT/VaryE/gamma/wcs_MCA_gamma__0_500_MeV.root
    output: ../../../data/3_NPZ_event_dump_barrel/VaryE/gamma/wcs_MCA_gamma__0_500_MeV.npz
    jobid: 20
    wildcards: variacion=VaryE, particula=gamma, l_corrida=0
    resources: tmpdir=/tmp


			cd /home/neutrino/software
			source run.sh
			cd /home/WatChMal/DataTools
			time python3 event_dump_barrel.py /home/compartida/2_ROOT/VaryE/gamma/wcs_MCA_gamma__0_500_MeV.root 
			mv /home/compartida/2_ROOT/VaryE/gamma/wcs_MCA_gamma__0_500_MeV.npz /home/compartida/3_NPZ_event_dump_barrel/VaryE/gamma
		
Activating singularity image ../wcsim
[Mon May 30 22:52:47 2022]
Finished job 14.
26 of 37 steps (70%) done
Select jobs to execute...

[Mon May 30 22:52:47 2022]
rule npz_to_image:
    input: ../../../data/3_NPZ_event_dump/VaryE/gamma/wcs_MCA_gamma__1_500_MeV.npz
    output: ../../../data/4_Imagen_NPZ/VaryE/gamma/IMAGES_wcs_MCA_gamma__1_500_MeV.npy
    jobid: 32
    wildcards: variacion=VaryE, particula=gamma, l_corrida=1
    resources: tmpdir=/tmp


			python3 /home/Tools_HKM/npz_to_image.py -m /home/compartida/Geometries/IWCD_geometry_mPMT.npy -f /home/compartida/3_NPZ_event_dump/VaryE/gamma/wcs_MCA_gamma__1_500_MeV.npz
            cd ~; mv IMAGES_wcs_MCA_gamma__1_500_MeV.npy /home/compartida/4_Imagen_NPZ/VaryE/gamma
        
Activating singularity image ../wcsim
[Mon May 30 22:52:48 2022]
Finished job 16.
27 of 37 steps (73%) done
Select jobs to execute...

[Mon May 30 22:52:48 2022]
rule npz_to_image:
    input: ../../../data/3_NPZ_event_dump/VaryE/gamma/wcs_MCA_gamma__2_500_MeV.npz
    output: ../../../data/4_Imagen_NPZ/VaryE/gamma/IMAGES_wcs_MCA_gamma__2_500_MeV.npy
    jobid: 35
    wildcards: variacion=VaryE, particula=gamma, l_corrida=2
    resources: tmpdir=/tmp


			python3 /home/Tools_HKM/npz_to_image.py -m /home/compartida/Geometries/IWCD_geometry_mPMT.npy -f /home/compartida/3_NPZ_event_dump/VaryE/gamma/wcs_MCA_gamma__2_500_MeV.npz
            cd ~; mv IMAGES_wcs_MCA_gamma__2_500_MeV.npy /home/compartida/4_Imagen_NPZ/VaryE/gamma
        
Activating singularity image ../wcsim
[Mon May 30 22:52:48 2022]
Finished job 20.
28 of 37 steps (76%) done
Select jobs to execute...

[Mon May 30 22:52:48 2022]
rule npz_to_image:
    input: ../../../data/3_NPZ_event_dump/VaryE/e-/wcs_MCA_e-__2_500_MeV.npz
    output: ../../../data/4_Imagen_NPZ/VaryE/e-/IMAGES_wcs_MCA_e-__2_500_MeV.npy
    jobid: 34
    wildcards: variacion=VaryE, particula=e-, l_corrida=2
    resources: tmpdir=/tmp


			python3 /home/Tools_HKM/npz_to_image.py -m /home/compartida/Geometries/IWCD_geometry_mPMT.npy -f /home/compartida/3_NPZ_event_dump/VaryE/e-/wcs_MCA_e-__2_500_MeV.npz
            cd ~; mv IMAGES_wcs_MCA_e-__2_500_MeV.npy /home/compartida/4_Imagen_NPZ/VaryE/e-
        
Activating singularity image ../wcsim
[Mon May 30 22:52:53 2022]
Finished job 32.
29 of 37 steps (78%) done
Select jobs to execute...

[Mon May 30 22:52:53 2022]
rule npz_to_image:
    input: ../../../data/3_NPZ_event_dump/VaryE/e-/wcs_MCA_e-__1_500_MeV.npz
    output: ../../../data/4_Imagen_NPZ/VaryE/e-/IMAGES_wcs_MCA_e-__1_500_MeV.npy
    jobid: 31
    wildcards: variacion=VaryE, particula=e-, l_corrida=1
    resources: tmpdir=/tmp


			python3 /home/Tools_HKM/npz_to_image.py -m /home/compartida/Geometries/IWCD_geometry_mPMT.npy -f /home/compartida/3_NPZ_event_dump/VaryE/e-/wcs_MCA_e-__1_500_MeV.npz
            cd ~; mv IMAGES_wcs_MCA_e-__1_500_MeV.npy /home/compartida/4_Imagen_NPZ/VaryE/e-
        
Activating singularity image ../wcsim
[Mon May 30 22:52:53 2022]
Finished job 35.
30 of 37 steps (81%) done
[Mon May 30 22:52:54 2022]
Finished job 34.
31 of 37 steps (84%) done
[Mon May 30 22:52:57 2022]
Finished job 3.
32 of 37 steps (86%) done
Select jobs to execute...

[Mon May 30 22:52:57 2022]
rule root_to_event_dump:
    input: ../../../data/2_ROOT/VaryE/mu-/wcs_MCA_mu-__0_500_MeV.root
    output: ../../../data/3_NPZ_event_dump/VaryE/mu-/wcs_MCA_mu-__0_500_MeV.npz
    jobid: 12
    wildcards: variacion=VaryE, particula=mu-, l_corrida=0
    resources: tmpdir=/tmp


			cd /home/neutrino/software
			source run.sh
			cd /home/WatChMal/DataTools
			time python3 event_dump.py /home/compartida/2_ROOT/VaryE/mu-/wcs_MCA_mu-__0_500_MeV.root 
			mv /home/compartida/2_ROOT/VaryE/mu-/wcs_MCA_mu-__0_500_MeV.npz /home/compartida/3_NPZ_event_dump/VaryE/mu-
		
Activating singularity image ../wcsim

[Mon May 30 22:52:57 2022]
rule root_to_event_dump_barrel:
    input: ../../../data/2_ROOT/VaryE/mu-/wcs_MCA_mu-__0_500_MeV.root
    output: ../../../data/3_NPZ_event_dump_barrel/VaryE/mu-/wcs_MCA_mu-__0_500_MeV.npz
    jobid: 21
    wildcards: variacion=VaryE, particula=mu-, l_corrida=0
    resources: tmpdir=/tmp


			cd /home/neutrino/software
			source run.sh
			cd /home/WatChMal/DataTools
			time python3 event_dump_barrel.py /home/compartida/2_ROOT/VaryE/mu-/wcs_MCA_mu-__0_500_MeV.root 
			mv /home/compartida/2_ROOT/VaryE/mu-/wcs_MCA_mu-__0_500_MeV.npz /home/compartida/3_NPZ_event_dump_barrel/VaryE/mu-
		
Activating singularity image ../wcsim
[Mon May 30 22:52:57 2022]
Finished job 31.
33 of 37 steps (89%) done
[Mon May 30 22:52:58 2022]
Finished job 21.
34 of 37 steps (92%) done
[Mon May 30 22:53:00 2022]
Finished job 12.
35 of 37 steps (95%) done
Select jobs to execute...

[Mon May 30 22:53:00 2022]
rule npz_to_image:
    input: ../../../data/3_NPZ_event_dump/VaryE/mu-/wcs_MCA_mu-__0_500_MeV.npz
    output: ../../../data/4_Imagen_NPZ/VaryE/mu-/IMAGES_wcs_MCA_mu-__0_500_MeV.npy
    jobid: 30
    wildcards: variacion=VaryE, particula=mu-, l_corrida=0
    resources: tmpdir=/tmp


			python3 /home/Tools_HKM/npz_to_image.py -m /home/compartida/Geometries/IWCD_geometry_mPMT.npy -f /home/compartida/3_NPZ_event_dump/VaryE/mu-/wcs_MCA_mu-__0_500_MeV.npz
            cd ~; mv IMAGES_wcs_MCA_mu-__0_500_MeV.npy /home/compartida/4_Imagen_NPZ/VaryE/mu-
        
Activating singularity image ../wcsim
[Mon May 30 22:53:02 2022]
Finished job 30.
36 of 37 steps (97%) done
Select jobs to execute...

[Mon May 30 22:53:02 2022]
localrule all:
    input: ../../../data/1_MAC/VaryE/e-/wcs_MCA_e-__0_500_MeV.mac, ../../../data/1_MAC/VaryE/gamma/wcs_MCA_gamma__0_500_MeV.mac, ../../../data/1_MAC/VaryE/mu-/wcs_MCA_mu-__0_500_MeV.mac, ../../../data/1_MAC/VaryE/e-/wcs_MCA_e-__1_500_MeV.mac, ../../../data/1_MAC/VaryE/gamma/wcs_MCA_gamma__1_500_MeV.mac, ../../../data/1_MAC/VaryE/mu-/wcs_MCA_mu-__1_500_MeV.mac, ../../../data/1_MAC/VaryE/e-/wcs_MCA_e-__2_500_MeV.mac, ../../../data/1_MAC/VaryE/gamma/wcs_MCA_gamma__2_500_MeV.mac, ../../../data/1_MAC/VaryE/mu-/wcs_MCA_mu-__2_500_MeV.mac, ../../../data/2_ROOT/VaryE/e-/wcs_MCA_e-__0_500_MeV.root, ../../../data/2_ROOT/VaryE/gamma/wcs_MCA_gamma__0_500_MeV.root, ../../../data/2_ROOT/VaryE/mu-/wcs_MCA_mu-__0_500_MeV.root, ../../../data/2_ROOT/VaryE/e-/wcs_MCA_e-__1_500_MeV.root, ../../../data/2_ROOT/VaryE/gamma/wcs_MCA_gamma__1_500_MeV.root, ../../../data/2_ROOT/VaryE/mu-/wcs_MCA_mu-__1_500_MeV.root, ../../../data/2_ROOT/VaryE/e-/wcs_MCA_e-__2_500_MeV.root, ../../../data/2_ROOT/VaryE/gamma/wcs_MCA_gamma__2_500_MeV.root, ../../../data/2_ROOT/VaryE/mu-/wcs_MCA_mu-__2_500_MeV.root, ../../../data/3_NPZ_event_dump/VaryE/e-/wcs_MCA_e-__0_500_MeV.npz, ../../../data/3_NPZ_event_dump/VaryE/gamma/wcs_MCA_gamma__0_500_MeV.npz, ../../../data/3_NPZ_event_dump/VaryE/mu-/wcs_MCA_mu-__0_500_MeV.npz, ../../../data/3_NPZ_event_dump/VaryE/e-/wcs_MCA_e-__1_500_MeV.npz, ../../../data/3_NPZ_event_dump/VaryE/gamma/wcs_MCA_gamma__1_500_MeV.npz, ../../../data/3_NPZ_event_dump/VaryE/mu-/wcs_MCA_mu-__1_500_MeV.npz, ../../../data/3_NPZ_event_dump/VaryE/e-/wcs_MCA_e-__2_500_MeV.npz, ../../../data/3_NPZ_event_dump/VaryE/gamma/wcs_MCA_gamma__2_500_MeV.npz, ../../../data/3_NPZ_event_dump/VaryE/mu-/wcs_MCA_mu-__2_500_MeV.npz, ../../../data/3_NPZ_event_dump_barrel/VaryE/e-/wcs_MCA_e-__0_500_MeV.npz, ../../../data/3_NPZ_event_dump_barrel/VaryE/gamma/wcs_MCA_gamma__0_500_MeV.npz, ../../../data/3_NPZ_event_dump_barrel/VaryE/mu-/wcs_MCA_mu-__0_500_MeV.npz, ../../../data/3_NPZ_event_dump_barrel/VaryE/e-/wcs_MCA_e-__1_500_MeV.npz, ../../../data/3_NPZ_event_dump_barrel/VaryE/gamma/wcs_MCA_gamma__1_500_MeV.npz, ../../../data/3_NPZ_event_dump_barrel/VaryE/mu-/wcs_MCA_mu-__1_500_MeV.npz, ../../../data/3_NPZ_event_dump_barrel/VaryE/e-/wcs_MCA_e-__2_500_MeV.npz, ../../../data/3_NPZ_event_dump_barrel/VaryE/gamma/wcs_MCA_gamma__2_500_MeV.npz, ../../../data/3_NPZ_event_dump_barrel/VaryE/mu-/wcs_MCA_mu-__2_500_MeV.npz, ../../../data/4_Imagen_NPZ/VaryE/e-/IMAGES_wcs_MCA_e-__0_500_MeV.npy, ../../../data/4_Imagen_NPZ/VaryE/gamma/IMAGES_wcs_MCA_gamma__0_500_MeV.npy, ../../../data/4_Imagen_NPZ/VaryE/mu-/IMAGES_wcs_MCA_mu-__0_500_MeV.npy, ../../../data/4_Imagen_NPZ/VaryE/e-/IMAGES_wcs_MCA_e-__1_500_MeV.npy, ../../../data/4_Imagen_NPZ/VaryE/gamma/IMAGES_wcs_MCA_gamma__1_500_MeV.npy, ../../../data/4_Imagen_NPZ/VaryE/mu-/IMAGES_wcs_MCA_mu-__1_500_MeV.npy, ../../../data/4_Imagen_NPZ/VaryE/e-/IMAGES_wcs_MCA_e-__2_500_MeV.npy, ../../../data/4_Imagen_NPZ/VaryE/gamma/IMAGES_wcs_MCA_gamma__2_500_MeV.npy, ../../../data/4_Imagen_NPZ/VaryE/mu-/IMAGES_wcs_MCA_mu-__2_500_MeV.npy
    jobid: 0
    resources: tmpdir=/tmp

[Mon May 30 22:53:02 2022]
Finished job 0.
37 of 37 steps (100%) done
Complete log: /home/many/Documentos/WCSim_Snake/WCSim/scripts/snakemake/all_rules/.snakemake/log/2022-05-30T225110.099202.snakemake.log
