Building DAG of jobs...
Using shell: /usr/bin/bash
Provided cores: 4
Rules claiming more threads will be scaled down.
Job stats:
job            count    min threads    max threads
-----------  -------  -------------  -------------
all                1              1              1
mac_to_root       36              1              1
total             37              1              1

Select jobs to execute...

[Wed Sep 28 21:06:36 2022]
Job 15: Ejecutando archivos MAC
Reason: Missing output files: ../../../../data/2_ROOT/VaryE/mu-/wcs_MCA_mu-__4_500_MeV.root


	        cd /home/neutrino/software
	        source run.sh
            rm wcs_MCA_mu-__4_500_MeV.root
            ./WCSim /home/compartida/1_MAC/VaryE/mu-/wcs_MCA_mu-__4_500_MeV.mac
	        mv wcs_MCA_mu-__4_500_MeV.root /home/compartida/2_ROOT/VaryE/mu-
        

Activating singularity image ../../wcsim
[Wed Sep 28 21:06:36 2022]
Job 36: Ejecutando archivos MAC
Reason: Missing output files: ../../../../data/2_ROOT/VaryE/mu-/wcs_MCA_mu-__11_500_MeV.root


	        cd /home/neutrino/software
	        source run.sh
            rm wcs_MCA_mu-__11_500_MeV.root
            ./WCSim /home/compartida/1_MAC/VaryE/mu-/wcs_MCA_mu-__11_500_MeV.mac
	        mv wcs_MCA_mu-__11_500_MeV.root /home/compartida/2_ROOT/VaryE/mu-
        
Activating singularity image ../../wcsim

[Wed Sep 28 21:06:36 2022]
Job 29: Ejecutando archivos MAC
Reason: Missing output files: ../../../../data/2_ROOT/VaryE/gamma/wcs_MCA_gamma__9_500_MeV.root


	        cd /home/neutrino/software
	        source run.sh
            rm wcs_MCA_gamma__9_500_MeV.root
            ./WCSim /home/compartida/1_MAC/VaryE/gamma/wcs_MCA_gamma__9_500_MeV.mac
	        mv wcs_MCA_gamma__9_500_MeV.root /home/compartida/2_ROOT/VaryE/gamma
        
Activating singularity image ../../wcsim

[Wed Sep 28 21:06:36 2022]
Job 6: Ejecutando archivos MAC
Reason: Missing output files: ../../../../data/2_ROOT/VaryE/mu-/wcs_MCA_mu-__1_500_MeV.root


	        cd /home/neutrino/software
	        source run.sh
            rm wcs_MCA_mu-__1_500_MeV.root
            ./WCSim /home/compartida/1_MAC/VaryE/mu-/wcs_MCA_mu-__1_500_MeV.mac
	        mv wcs_MCA_mu-__1_500_MeV.root /home/compartida/2_ROOT/VaryE/mu-
        
Activating singularity image ../../wcsim
[Wed Sep 28 21:07:11 2022]
Finished job 15.
1 of 37 steps (3%) done
Select jobs to execute...

[Wed Sep 28 21:07:11 2022]
Job 1: Ejecutando archivos MAC
Reason: Missing output files: ../../../../data/2_ROOT/VaryE/e-/wcs_MCA_e-__0_500_MeV.root


	        cd /home/neutrino/software
	        source run.sh
            rm wcs_MCA_e-__0_500_MeV.root
            ./WCSim /home/compartida/1_MAC/VaryE/e-/wcs_MCA_e-__0_500_MeV.mac
	        mv wcs_MCA_e-__0_500_MeV.root /home/compartida/2_ROOT/VaryE/e-
        
Activating singularity image ../../wcsim
[Wed Sep 28 21:07:13 2022]
Finished job 6.
2 of 37 steps (5%) done
Select jobs to execute...

[Wed Sep 28 21:07:13 2022]
Job 31: Ejecutando archivos MAC
Reason: Missing output files: ../../../../data/2_ROOT/VaryE/e-/wcs_MCA_e-__10_500_MeV.root


	        cd /home/neutrino/software
	        source run.sh
            rm wcs_MCA_e-__10_500_MeV.root
            ./WCSim /home/compartida/1_MAC/VaryE/e-/wcs_MCA_e-__10_500_MeV.mac
	        mv wcs_MCA_e-__10_500_MeV.root /home/compartida/2_ROOT/VaryE/e-
        
Activating singularity image ../../wcsim
[Wed Sep 28 21:07:14 2022]
Finished job 36.
3 of 37 steps (8%) done
Select jobs to execute...

[Wed Sep 28 21:07:14 2022]
Job 24: Ejecutando archivos MAC
Reason: Missing output files: ../../../../data/2_ROOT/VaryE/mu-/wcs_MCA_mu-__7_500_MeV.root


	        cd /home/neutrino/software
	        source run.sh
            rm wcs_MCA_mu-__7_500_MeV.root
            ./WCSim /home/compartida/1_MAC/VaryE/mu-/wcs_MCA_mu-__7_500_MeV.mac
	        mv wcs_MCA_mu-__7_500_MeV.root /home/compartida/2_ROOT/VaryE/mu-
        
Activating singularity image ../../wcsim
[Wed Sep 28 21:07:14 2022]
Finished job 29.
4 of 37 steps (11%) done
Select jobs to execute...

[Wed Sep 28 21:07:14 2022]
Job 9: Ejecutando archivos MAC
Reason: Missing output files: ../../../../data/2_ROOT/VaryE/mu-/wcs_MCA_mu-__2_500_MeV.root


	        cd /home/neutrino/software
	        source run.sh
            rm wcs_MCA_mu-__2_500_MeV.root
            ./WCSim /home/compartida/1_MAC/VaryE/mu-/wcs_MCA_mu-__2_500_MeV.mac
	        mv wcs_MCA_mu-__2_500_MeV.root /home/compartida/2_ROOT/VaryE/mu-
        
Activating singularity image ../../wcsim
[Wed Sep 28 21:07:40 2022]
Finished job 1.
5 of 37 steps (14%) done
Select jobs to execute...

[Wed Sep 28 21:07:40 2022]
Job 17: Ejecutando archivos MAC
Reason: Missing output files: ../../../../data/2_ROOT/VaryE/gamma/wcs_MCA_gamma__5_500_MeV.root


	        cd /home/neutrino/software
	        source run.sh
            rm wcs_MCA_gamma__5_500_MeV.root
            ./WCSim /home/compartida/1_MAC/VaryE/gamma/wcs_MCA_gamma__5_500_MeV.mac
	        mv wcs_MCA_gamma__5_500_MeV.root /home/compartida/2_ROOT/VaryE/gamma
        
Activating singularity image ../../wcsim
[Wed Sep 28 21:07:44 2022]
Finished job 9.
6 of 37 steps (16%) done
Select jobs to execute...

[Wed Sep 28 21:07:44 2022]
Job 3: Ejecutando archivos MAC
Reason: Missing output files: ../../../../data/2_ROOT/VaryE/mu-/wcs_MCA_mu-__0_500_MeV.root


	        cd /home/neutrino/software
	        source run.sh
            rm wcs_MCA_mu-__0_500_MeV.root
            ./WCSim /home/compartida/1_MAC/VaryE/mu-/wcs_MCA_mu-__0_500_MeV.mac
	        mv wcs_MCA_mu-__0_500_MeV.root /home/compartida/2_ROOT/VaryE/mu-
        
Activating singularity image ../../wcsim
[Wed Sep 28 21:07:44 2022]
Finished job 24.
7 of 37 steps (19%) done
Select jobs to execute...

[Wed Sep 28 21:07:44 2022]
Job 32: Ejecutando archivos MAC
Reason: Missing output files: ../../../../data/2_ROOT/VaryE/gamma/wcs_MCA_gamma__10_500_MeV.root


	        cd /home/neutrino/software
	        source run.sh
            rm wcs_MCA_gamma__10_500_MeV.root
            ./WCSim /home/compartida/1_MAC/VaryE/gamma/wcs_MCA_gamma__10_500_MeV.mac
	        mv wcs_MCA_gamma__10_500_MeV.root /home/compartida/2_ROOT/VaryE/gamma
        
Activating singularity image ../../wcsim
[Wed Sep 28 21:07:47 2022]
Finished job 31.
8 of 37 steps (22%) done
Select jobs to execute...

[Wed Sep 28 21:07:47 2022]
Job 25: Ejecutando archivos MAC
Reason: Missing output files: ../../../../data/2_ROOT/VaryE/e-/wcs_MCA_e-__8_500_MeV.root


	        cd /home/neutrino/software
	        source run.sh
            rm wcs_MCA_e-__8_500_MeV.root
            ./WCSim /home/compartida/1_MAC/VaryE/e-/wcs_MCA_e-__8_500_MeV.mac
	        mv wcs_MCA_e-__8_500_MeV.root /home/compartida/2_ROOT/VaryE/e-
        
Activating singularity image ../../wcsim
[Wed Sep 28 21:08:10 2022]
Finished job 17.
9 of 37 steps (24%) done
Select jobs to execute...

[Wed Sep 28 21:08:10 2022]
Job 10: Ejecutando archivos MAC
Reason: Missing output files: ../../../../data/2_ROOT/VaryE/e-/wcs_MCA_e-__3_500_MeV.root


	        cd /home/neutrino/software
	        source run.sh
            rm wcs_MCA_e-__3_500_MeV.root
            ./WCSim /home/compartida/1_MAC/VaryE/e-/wcs_MCA_e-__3_500_MeV.mac
	        mv wcs_MCA_e-__3_500_MeV.root /home/compartida/2_ROOT/VaryE/e-
        
Activating singularity image ../../wcsim
[Wed Sep 28 21:08:14 2022]
Finished job 3.
10 of 37 steps (27%) done
Select jobs to execute...

[Wed Sep 28 21:08:14 2022]
Job 18: Ejecutando archivos MAC
Reason: Missing output files: ../../../../data/2_ROOT/VaryE/mu-/wcs_MCA_mu-__5_500_MeV.root


	        cd /home/neutrino/software
	        source run.sh
            rm wcs_MCA_mu-__5_500_MeV.root
            ./WCSim /home/compartida/1_MAC/VaryE/mu-/wcs_MCA_mu-__5_500_MeV.mac
	        mv wcs_MCA_mu-__5_500_MeV.root /home/compartida/2_ROOT/VaryE/mu-
        
Activating singularity image ../../wcsim
[Wed Sep 28 21:08:15 2022]
Finished job 32.
11 of 37 steps (30%) done
Select jobs to execute...

[Wed Sep 28 21:08:15 2022]
Job 2: Ejecutando archivos MAC
Reason: Missing output files: ../../../../data/2_ROOT/VaryE/gamma/wcs_MCA_gamma__0_500_MeV.root


	        cd /home/neutrino/software
	        source run.sh
            rm wcs_MCA_gamma__0_500_MeV.root
            ./WCSim /home/compartida/1_MAC/VaryE/gamma/wcs_MCA_gamma__0_500_MeV.mac
	        mv wcs_MCA_gamma__0_500_MeV.root /home/compartida/2_ROOT/VaryE/gamma
        
Activating singularity image ../../wcsim
[Wed Sep 28 21:08:18 2022]
Finished job 25.
12 of 37 steps (32%) done
Select jobs to execute...

[Wed Sep 28 21:08:18 2022]
Job 33: Ejecutando archivos MAC
Reason: Missing output files: ../../../../data/2_ROOT/VaryE/mu-/wcs_MCA_mu-__10_500_MeV.root


	        cd /home/neutrino/software
	        source run.sh
            rm wcs_MCA_mu-__10_500_MeV.root
            ./WCSim /home/compartida/1_MAC/VaryE/mu-/wcs_MCA_mu-__10_500_MeV.mac
	        mv wcs_MCA_mu-__10_500_MeV.root /home/compartida/2_ROOT/VaryE/mu-
        
Activating singularity image ../../wcsim
[Wed Sep 28 21:08:43 2022]
Finished job 10.
13 of 37 steps (35%) done
Select jobs to execute...

[Wed Sep 28 21:08:43 2022]
Job 26: Ejecutando archivos MAC
Reason: Missing output files: ../../../../data/2_ROOT/VaryE/gamma/wcs_MCA_gamma__8_500_MeV.root


	        cd /home/neutrino/software
	        source run.sh
            rm wcs_MCA_gamma__8_500_MeV.root
            ./WCSim /home/compartida/1_MAC/VaryE/gamma/wcs_MCA_gamma__8_500_MeV.mac
	        mv wcs_MCA_gamma__8_500_MeV.root /home/compartida/2_ROOT/VaryE/gamma
        
Activating singularity image ../../wcsim
[Wed Sep 28 21:08:49 2022]
Finished job 18.
14 of 37 steps (38%) done
Select jobs to execute...

[Wed Sep 28 21:08:49 2022]
Job 11: Ejecutando archivos MAC
Reason: Missing output files: ../../../../data/2_ROOT/VaryE/gamma/wcs_MCA_gamma__3_500_MeV.root


	        cd /home/neutrino/software
	        source run.sh
            rm wcs_MCA_gamma__3_500_MeV.root
            ./WCSim /home/compartida/1_MAC/VaryE/gamma/wcs_MCA_gamma__3_500_MeV.mac
	        mv wcs_MCA_gamma__3_500_MeV.root /home/compartida/2_ROOT/VaryE/gamma
        
Activating singularity image ../../wcsim
[Wed Sep 28 21:08:49 2022]
Finished job 2.
15 of 37 steps (41%) done
Select jobs to execute...

[Wed Sep 28 21:08:49 2022]
Job 20: Ejecutando archivos MAC
Reason: Missing output files: ../../../../data/2_ROOT/VaryE/gamma/wcs_MCA_gamma__6_500_MeV.root


	        cd /home/neutrino/software
	        source run.sh
            rm wcs_MCA_gamma__6_500_MeV.root
            ./WCSim /home/compartida/1_MAC/VaryE/gamma/wcs_MCA_gamma__6_500_MeV.mac
	        mv wcs_MCA_gamma__6_500_MeV.root /home/compartida/2_ROOT/VaryE/gamma
        
Activating singularity image ../../wcsim
[Wed Sep 28 21:08:50 2022]
Finished job 33.
16 of 37 steps (43%) done
Select jobs to execute...

[Wed Sep 28 21:08:50 2022]
Job 5: Ejecutando archivos MAC
Reason: Missing output files: ../../../../data/2_ROOT/VaryE/gamma/wcs_MCA_gamma__1_500_MeV.root


	        cd /home/neutrino/software
	        source run.sh
            rm wcs_MCA_gamma__1_500_MeV.root
            ./WCSim /home/compartida/1_MAC/VaryE/gamma/wcs_MCA_gamma__1_500_MeV.mac
	        mv wcs_MCA_gamma__1_500_MeV.root /home/compartida/2_ROOT/VaryE/gamma
        
Activating singularity image ../../wcsim
[Wed Sep 28 21:09:15 2022]
Finished job 26.
17 of 37 steps (46%) done
Select jobs to execute...

[Wed Sep 28 21:09:16 2022]
Job 22: Ejecutando archivos MAC
Reason: Missing output files: ../../../../data/2_ROOT/VaryE/e-/wcs_MCA_e-__7_500_MeV.root


	        cd /home/neutrino/software
	        source run.sh
            rm wcs_MCA_e-__7_500_MeV.root
            ./WCSim /home/compartida/1_MAC/VaryE/e-/wcs_MCA_e-__7_500_MeV.mac
	        mv wcs_MCA_e-__7_500_MeV.root /home/compartida/2_ROOT/VaryE/e-
        
Activating singularity image ../../wcsim
[Wed Sep 28 21:09:21 2022]
Finished job 20.
18 of 37 steps (49%) done
Select jobs to execute...

[Wed Sep 28 21:09:21 2022]
Job 34: Ejecutando archivos MAC
Reason: Missing output files: ../../../../data/2_ROOT/VaryE/e-/wcs_MCA_e-__11_500_MeV.root


	        cd /home/neutrino/software
	        source run.sh
            rm wcs_MCA_e-__11_500_MeV.root
            ./WCSim /home/compartida/1_MAC/VaryE/e-/wcs_MCA_e-__11_500_MeV.mac
	        mv wcs_MCA_e-__11_500_MeV.root /home/compartida/2_ROOT/VaryE/e-
        
Activating singularity image ../../wcsim
[Wed Sep 28 21:09:25 2022]
Finished job 11.
19 of 37 steps (51%) done
Select jobs to execute...

[Wed Sep 28 21:09:25 2022]
Job 23: Ejecutando archivos MAC
Reason: Missing output files: ../../../../data/2_ROOT/VaryE/gamma/wcs_MCA_gamma__7_500_MeV.root


	        cd /home/neutrino/software
	        source run.sh
            rm wcs_MCA_gamma__7_500_MeV.root
            ./WCSim /home/compartida/1_MAC/VaryE/gamma/wcs_MCA_gamma__7_500_MeV.mac
	        mv wcs_MCA_gamma__7_500_MeV.root /home/compartida/2_ROOT/VaryE/gamma
        
Activating singularity image ../../wcsim
[Wed Sep 28 21:09:26 2022]
Finished job 5.
20 of 37 steps (54%) done
Select jobs to execute...

[Wed Sep 28 21:09:26 2022]
Job 8: Ejecutando archivos MAC
Reason: Missing output files: ../../../../data/2_ROOT/VaryE/gamma/wcs_MCA_gamma__2_500_MeV.root


	        cd /home/neutrino/software
	        source run.sh
            rm wcs_MCA_gamma__2_500_MeV.root
            ./WCSim /home/compartida/1_MAC/VaryE/gamma/wcs_MCA_gamma__2_500_MeV.mac
	        mv wcs_MCA_gamma__2_500_MeV.root /home/compartida/2_ROOT/VaryE/gamma
        
Activating singularity image ../../wcsim
[Wed Sep 28 21:09:46 2022]
Finished job 22.
21 of 37 steps (57%) done
Select jobs to execute...

[Wed Sep 28 21:09:46 2022]
Job 27: Ejecutando archivos MAC
Reason: Missing output files: ../../../../data/2_ROOT/VaryE/mu-/wcs_MCA_mu-__8_500_MeV.root


	        cd /home/neutrino/software
	        source run.sh
            rm wcs_MCA_mu-__8_500_MeV.root
            ./WCSim /home/compartida/1_MAC/VaryE/mu-/wcs_MCA_mu-__8_500_MeV.mac
	        mv wcs_MCA_mu-__8_500_MeV.root /home/compartida/2_ROOT/VaryE/mu-
        
Activating singularity image ../../wcsim
[Wed Sep 28 21:09:52 2022]
Finished job 34.
22 of 37 steps (59%) done
Select jobs to execute...

[Wed Sep 28 21:09:52 2022]
Job 12: Ejecutando archivos MAC
Reason: Missing output files: ../../../../data/2_ROOT/VaryE/mu-/wcs_MCA_mu-__3_500_MeV.root


	        cd /home/neutrino/software
	        source run.sh
            rm wcs_MCA_mu-__3_500_MeV.root
            ./WCSim /home/compartida/1_MAC/VaryE/mu-/wcs_MCA_mu-__3_500_MeV.mac
	        mv wcs_MCA_mu-__3_500_MeV.root /home/compartida/2_ROOT/VaryE/mu-
        
Activating singularity image ../../wcsim
[Wed Sep 28 21:09:55 2022]
Finished job 23.
23 of 37 steps (62%) done
Select jobs to execute...

[Wed Sep 28 21:09:55 2022]
Job 14: Ejecutando archivos MAC
Reason: Missing output files: ../../../../data/2_ROOT/VaryE/gamma/wcs_MCA_gamma__4_500_MeV.root


	        cd /home/neutrino/software
	        source run.sh
            rm wcs_MCA_gamma__4_500_MeV.root
            ./WCSim /home/compartida/1_MAC/VaryE/gamma/wcs_MCA_gamma__4_500_MeV.mac
	        mv wcs_MCA_gamma__4_500_MeV.root /home/compartida/2_ROOT/VaryE/gamma
        
Activating singularity image ../../wcsim
[Wed Sep 28 21:09:55 2022]
Finished job 8.
24 of 37 steps (65%) done
Select jobs to execute...

[Wed Sep 28 21:09:55 2022]
Job 21: Ejecutando archivos MAC
Reason: Missing output files: ../../../../data/2_ROOT/VaryE/mu-/wcs_MCA_mu-__6_500_MeV.root


	        cd /home/neutrino/software
	        source run.sh
            rm wcs_MCA_mu-__6_500_MeV.root
            ./WCSim /home/compartida/1_MAC/VaryE/mu-/wcs_MCA_mu-__6_500_MeV.mac
	        mv wcs_MCA_mu-__6_500_MeV.root /home/compartida/2_ROOT/VaryE/mu-
        
Activating singularity image ../../wcsim
[Wed Sep 28 21:10:14 2022]
Finished job 27.
25 of 37 steps (68%) done
Select jobs to execute...

[Wed Sep 28 21:10:14 2022]
Job 4: Ejecutando archivos MAC
Reason: Missing output files: ../../../../data/2_ROOT/VaryE/e-/wcs_MCA_e-__1_500_MeV.root


	        cd /home/neutrino/software
	        source run.sh
            rm wcs_MCA_e-__1_500_MeV.root
            ./WCSim /home/compartida/1_MAC/VaryE/e-/wcs_MCA_e-__1_500_MeV.mac
	        mv wcs_MCA_e-__1_500_MeV.root /home/compartida/2_ROOT/VaryE/e-
        
Activating singularity image ../../wcsim
[Wed Sep 28 21:10:24 2022]
Finished job 12.
26 of 37 steps (70%) done
Select jobs to execute...

[Wed Sep 28 21:10:24 2022]
Job 19: Ejecutando archivos MAC
Reason: Missing output files: ../../../../data/2_ROOT/VaryE/e-/wcs_MCA_e-__6_500_MeV.root


	        cd /home/neutrino/software
	        source run.sh
            rm wcs_MCA_e-__6_500_MeV.root
            ./WCSim /home/compartida/1_MAC/VaryE/e-/wcs_MCA_e-__6_500_MeV.mac
	        mv wcs_MCA_e-__6_500_MeV.root /home/compartida/2_ROOT/VaryE/e-
        
Activating singularity image ../../wcsim
[Wed Sep 28 21:10:27 2022]
Finished job 21.
27 of 37 steps (73%) done
Select jobs to execute...

[Wed Sep 28 21:10:27 2022]
Job 30: Ejecutando archivos MAC
Reason: Missing output files: ../../../../data/2_ROOT/VaryE/mu-/wcs_MCA_mu-__9_500_MeV.root


	        cd /home/neutrino/software
	        source run.sh
            rm wcs_MCA_mu-__9_500_MeV.root
            ./WCSim /home/compartida/1_MAC/VaryE/mu-/wcs_MCA_mu-__9_500_MeV.mac
	        mv wcs_MCA_mu-__9_500_MeV.root /home/compartida/2_ROOT/VaryE/mu-
        
Activating singularity image ../../wcsim
[Wed Sep 28 21:10:29 2022]
Finished job 14.
28 of 37 steps (76%) done
Select jobs to execute...

[Wed Sep 28 21:10:29 2022]
Job 13: Ejecutando archivos MAC
Reason: Missing output files: ../../../../data/2_ROOT/VaryE/e-/wcs_MCA_e-__4_500_MeV.root


	        cd /home/neutrino/software
	        source run.sh
            rm wcs_MCA_e-__4_500_MeV.root
            ./WCSim /home/compartida/1_MAC/VaryE/e-/wcs_MCA_e-__4_500_MeV.mac
	        mv wcs_MCA_e-__4_500_MeV.root /home/compartida/2_ROOT/VaryE/e-
        
Activating singularity image ../../wcsim
[Wed Sep 28 21:10:47 2022]
Finished job 4.
29 of 37 steps (78%) done
Select jobs to execute...

[Wed Sep 28 21:10:48 2022]
Job 28: Ejecutando archivos MAC
Reason: Missing output files: ../../../../data/2_ROOT/VaryE/e-/wcs_MCA_e-__9_500_MeV.root


	        cd /home/neutrino/software
	        source run.sh
            rm wcs_MCA_e-__9_500_MeV.root
            ./WCSim /home/compartida/1_MAC/VaryE/e-/wcs_MCA_e-__9_500_MeV.mac
	        mv wcs_MCA_e-__9_500_MeV.root /home/compartida/2_ROOT/VaryE/e-
        
Activating singularity image ../../wcsim
[Wed Sep 28 21:10:57 2022]
Finished job 19.
30 of 37 steps (81%) done
Select jobs to execute...

[Wed Sep 28 21:10:57 2022]
Job 7: Ejecutando archivos MAC
Reason: Missing output files: ../../../../data/2_ROOT/VaryE/e-/wcs_MCA_e-__2_500_MeV.root


	        cd /home/neutrino/software
	        source run.sh
            rm wcs_MCA_e-__2_500_MeV.root
            ./WCSim /home/compartida/1_MAC/VaryE/e-/wcs_MCA_e-__2_500_MeV.mac
	        mv wcs_MCA_e-__2_500_MeV.root /home/compartida/2_ROOT/VaryE/e-
        
Activating singularity image ../../wcsim
[Wed Sep 28 21:10:59 2022]
Finished job 30.
31 of 37 steps (84%) done
Select jobs to execute...

[Wed Sep 28 21:10:59 2022]
Job 35: Ejecutando archivos MAC
Reason: Missing output files: ../../../../data/2_ROOT/VaryE/gamma/wcs_MCA_gamma__11_500_MeV.root


	        cd /home/neutrino/software
	        source run.sh
            rm wcs_MCA_gamma__11_500_MeV.root
            ./WCSim /home/compartida/1_MAC/VaryE/gamma/wcs_MCA_gamma__11_500_MeV.mac
	        mv wcs_MCA_gamma__11_500_MeV.root /home/compartida/2_ROOT/VaryE/gamma
        
Activating singularity image ../../wcsim
[Wed Sep 28 21:11:00 2022]
Finished job 13.
32 of 37 steps (86%) done
Select jobs to execute...

[Wed Sep 28 21:11:00 2022]
Job 16: Ejecutando archivos MAC
Reason: Missing output files: ../../../../data/2_ROOT/VaryE/e-/wcs_MCA_e-__5_500_MeV.root


	        cd /home/neutrino/software
	        source run.sh
            rm wcs_MCA_e-__5_500_MeV.root
            ./WCSim /home/compartida/1_MAC/VaryE/e-/wcs_MCA_e-__5_500_MeV.mac
	        mv wcs_MCA_e-__5_500_MeV.root /home/compartida/2_ROOT/VaryE/e-
        
Activating singularity image ../../wcsim
[Wed Sep 28 21:11:19 2022]
Finished job 28.
33 of 37 steps (89%) done
[Wed Sep 28 21:11:29 2022]
Finished job 7.
34 of 37 steps (92%) done
[Wed Sep 28 21:11:31 2022]
Finished job 16.
35 of 37 steps (95%) done
[Wed Sep 28 21:11:31 2022]
Finished job 35.
36 of 37 steps (97%) done
Select jobs to execute...

[Wed Sep 28 21:11:31 2022]
localrule all:
    input: ../../../../data/1_MAC/VaryE/e-/wcs_MCA_e-__0_500_MeV.mac, ../../../../data/1_MAC/VaryE/gamma/wcs_MCA_gamma__0_500_MeV.mac, ../../../../data/1_MAC/VaryE/mu-/wcs_MCA_mu-__0_500_MeV.mac, ../../../../data/1_MAC/VaryE/e-/wcs_MCA_e-__1_500_MeV.mac, ../../../../data/1_MAC/VaryE/gamma/wcs_MCA_gamma__1_500_MeV.mac, ../../../../data/1_MAC/VaryE/mu-/wcs_MCA_mu-__1_500_MeV.mac, ../../../../data/1_MAC/VaryE/e-/wcs_MCA_e-__2_500_MeV.mac, ../../../../data/1_MAC/VaryE/gamma/wcs_MCA_gamma__2_500_MeV.mac, ../../../../data/1_MAC/VaryE/mu-/wcs_MCA_mu-__2_500_MeV.mac, ../../../../data/1_MAC/VaryE/e-/wcs_MCA_e-__3_500_MeV.mac, ../../../../data/1_MAC/VaryE/gamma/wcs_MCA_gamma__3_500_MeV.mac, ../../../../data/1_MAC/VaryE/mu-/wcs_MCA_mu-__3_500_MeV.mac, ../../../../data/1_MAC/VaryE/e-/wcs_MCA_e-__4_500_MeV.mac, ../../../../data/1_MAC/VaryE/gamma/wcs_MCA_gamma__4_500_MeV.mac, ../../../../data/1_MAC/VaryE/mu-/wcs_MCA_mu-__4_500_MeV.mac, ../../../../data/1_MAC/VaryE/e-/wcs_MCA_e-__5_500_MeV.mac, ../../../../data/1_MAC/VaryE/gamma/wcs_MCA_gamma__5_500_MeV.mac, ../../../../data/1_MAC/VaryE/mu-/wcs_MCA_mu-__5_500_MeV.mac, ../../../../data/1_MAC/VaryE/e-/wcs_MCA_e-__6_500_MeV.mac, ../../../../data/1_MAC/VaryE/gamma/wcs_MCA_gamma__6_500_MeV.mac, ../../../../data/1_MAC/VaryE/mu-/wcs_MCA_mu-__6_500_MeV.mac, ../../../../data/1_MAC/VaryE/e-/wcs_MCA_e-__7_500_MeV.mac, ../../../../data/1_MAC/VaryE/gamma/wcs_MCA_gamma__7_500_MeV.mac, ../../../../data/1_MAC/VaryE/mu-/wcs_MCA_mu-__7_500_MeV.mac, ../../../../data/1_MAC/VaryE/e-/wcs_MCA_e-__8_500_MeV.mac, ../../../../data/1_MAC/VaryE/gamma/wcs_MCA_gamma__8_500_MeV.mac, ../../../../data/1_MAC/VaryE/mu-/wcs_MCA_mu-__8_500_MeV.mac, ../../../../data/1_MAC/VaryE/e-/wcs_MCA_e-__9_500_MeV.mac, ../../../../data/1_MAC/VaryE/gamma/wcs_MCA_gamma__9_500_MeV.mac, ../../../../data/1_MAC/VaryE/mu-/wcs_MCA_mu-__9_500_MeV.mac, ../../../../data/1_MAC/VaryE/e-/wcs_MCA_e-__10_500_MeV.mac, ../../../../data/1_MAC/VaryE/gamma/wcs_MCA_gamma__10_500_MeV.mac, ../../../../data/1_MAC/VaryE/mu-/wcs_MCA_mu-__10_500_MeV.mac, ../../../../data/1_MAC/VaryE/e-/wcs_MCA_e-__11_500_MeV.mac, ../../../../data/1_MAC/VaryE/gamma/wcs_MCA_gamma__11_500_MeV.mac, ../../../../data/1_MAC/VaryE/mu-/wcs_MCA_mu-__11_500_MeV.mac, ../../../../data/2_ROOT/VaryE/e-/wcs_MCA_e-__0_500_MeV.root, ../../../../data/2_ROOT/VaryE/gamma/wcs_MCA_gamma__0_500_MeV.root, ../../../../data/2_ROOT/VaryE/mu-/wcs_MCA_mu-__0_500_MeV.root, ../../../../data/2_ROOT/VaryE/e-/wcs_MCA_e-__1_500_MeV.root, ../../../../data/2_ROOT/VaryE/gamma/wcs_MCA_gamma__1_500_MeV.root, ../../../../data/2_ROOT/VaryE/mu-/wcs_MCA_mu-__1_500_MeV.root, ../../../../data/2_ROOT/VaryE/e-/wcs_MCA_e-__2_500_MeV.root, ../../../../data/2_ROOT/VaryE/gamma/wcs_MCA_gamma__2_500_MeV.root, ../../../../data/2_ROOT/VaryE/mu-/wcs_MCA_mu-__2_500_MeV.root, ../../../../data/2_ROOT/VaryE/e-/wcs_MCA_e-__3_500_MeV.root, ../../../../data/2_ROOT/VaryE/gamma/wcs_MCA_gamma__3_500_MeV.root, ../../../../data/2_ROOT/VaryE/mu-/wcs_MCA_mu-__3_500_MeV.root, ../../../../data/2_ROOT/VaryE/e-/wcs_MCA_e-__4_500_MeV.root, ../../../../data/2_ROOT/VaryE/gamma/wcs_MCA_gamma__4_500_MeV.root, ../../../../data/2_ROOT/VaryE/mu-/wcs_MCA_mu-__4_500_MeV.root, ../../../../data/2_ROOT/VaryE/e-/wcs_MCA_e-__5_500_MeV.root, ../../../../data/2_ROOT/VaryE/gamma/wcs_MCA_gamma__5_500_MeV.root, ../../../../data/2_ROOT/VaryE/mu-/wcs_MCA_mu-__5_500_MeV.root, ../../../../data/2_ROOT/VaryE/e-/wcs_MCA_e-__6_500_MeV.root, ../../../../data/2_ROOT/VaryE/gamma/wcs_MCA_gamma__6_500_MeV.root, ../../../../data/2_ROOT/VaryE/mu-/wcs_MCA_mu-__6_500_MeV.root, ../../../../data/2_ROOT/VaryE/e-/wcs_MCA_e-__7_500_MeV.root, ../../../../data/2_ROOT/VaryE/gamma/wcs_MCA_gamma__7_500_MeV.root, ../../../../data/2_ROOT/VaryE/mu-/wcs_MCA_mu-__7_500_MeV.root, ../../../../data/2_ROOT/VaryE/e-/wcs_MCA_e-__8_500_MeV.root, ../../../../data/2_ROOT/VaryE/gamma/wcs_MCA_gamma__8_500_MeV.root, ../../../../data/2_ROOT/VaryE/mu-/wcs_MCA_mu-__8_500_MeV.root, ../../../../data/2_ROOT/VaryE/e-/wcs_MCA_e-__9_500_MeV.root, ../../../../data/2_ROOT/VaryE/gamma/wcs_MCA_gamma__9_500_MeV.root, ../../../../data/2_ROOT/VaryE/mu-/wcs_MCA_mu-__9_500_MeV.root, ../../../../data/2_ROOT/VaryE/e-/wcs_MCA_e-__10_500_MeV.root, ../../../../data/2_ROOT/VaryE/gamma/wcs_MCA_gamma__10_500_MeV.root, ../../../../data/2_ROOT/VaryE/mu-/wcs_MCA_mu-__10_500_MeV.root, ../../../../data/2_ROOT/VaryE/e-/wcs_MCA_e-__11_500_MeV.root, ../../../../data/2_ROOT/VaryE/gamma/wcs_MCA_gamma__11_500_MeV.root, ../../../../data/2_ROOT/VaryE/mu-/wcs_MCA_mu-__11_500_MeV.root
    jobid: 0
    reason: Input files updated by another job: ../../../../data/2_ROOT/VaryE/mu-/wcs_MCA_mu-__6_500_MeV.root, ../../../../data/2_ROOT/VaryE/mu-/wcs_MCA_mu-__1_500_MeV.root, ../../../../data/2_ROOT/VaryE/mu-/wcs_MCA_mu-__8_500_MeV.root, ../../../../data/2_ROOT/VaryE/e-/wcs_MCA_e-__7_500_MeV.root, ../../../../data/2_ROOT/VaryE/mu-/wcs_MCA_mu-__3_500_MeV.root, ../../../../data/2_ROOT/VaryE/mu-/wcs_MCA_mu-__10_500_MeV.root, ../../../../data/2_ROOT/VaryE/gamma/wcs_MCA_gamma__1_500_MeV.root, ../../../../data/2_ROOT/VaryE/mu-/wcs_MCA_mu-__0_500_MeV.root, ../../../../data/2_ROOT/VaryE/e-/wcs_MCA_e-__11_500_MeV.root, ../../../../data/2_ROOT/VaryE/e-/wcs_MCA_e-__4_500_MeV.root, ../../../../data/2_ROOT/VaryE/e-/wcs_MCA_e-__9_500_MeV.root, ../../../../data/2_ROOT/VaryE/gamma/wcs_MCA_gamma__5_500_MeV.root, ../../../../data/2_ROOT/VaryE/e-/wcs_MCA_e-__0_500_MeV.root, ../../../../data/2_ROOT/VaryE/gamma/wcs_MCA_gamma__6_500_MeV.root, ../../../../data/2_ROOT/VaryE/gamma/wcs_MCA_gamma__10_500_MeV.root, ../../../../data/2_ROOT/VaryE/gamma/wcs_MCA_gamma__2_500_MeV.root, ../../../../data/2_ROOT/VaryE/gamma/wcs_MCA_gamma__11_500_MeV.root, ../../../../data/2_ROOT/VaryE/gamma/wcs_MCA_gamma__9_500_MeV.root, ../../../../data/2_ROOT/VaryE/mu-/wcs_MCA_mu-__9_500_MeV.root, ../../../../data/2_ROOT/VaryE/e-/wcs_MCA_e-__5_500_MeV.root, ../../../../data/2_ROOT/VaryE/mu-/wcs_MCA_mu-__7_500_MeV.root, ../../../../data/2_ROOT/VaryE/e-/wcs_MCA_e-__1_500_MeV.root, ../../../../data/2_ROOT/VaryE/gamma/wcs_MCA_gamma__4_500_MeV.root, ../../../../data/2_ROOT/VaryE/mu-/wcs_MCA_mu-__11_500_MeV.root, ../../../../data/2_ROOT/VaryE/gamma/wcs_MCA_gamma__3_500_MeV.root, ../../../../data/2_ROOT/VaryE/gamma/wcs_MCA_gamma__7_500_MeV.root, ../../../../data/2_ROOT/VaryE/mu-/wcs_MCA_mu-__2_500_MeV.root, ../../../../data/2_ROOT/VaryE/gamma/wcs_MCA_gamma__8_500_MeV.root, ../../../../data/2_ROOT/VaryE/mu-/wcs_MCA_mu-__4_500_MeV.root, ../../../../data/2_ROOT/VaryE/e-/wcs_MCA_e-__2_500_MeV.root, ../../../../data/2_ROOT/VaryE/mu-/wcs_MCA_mu-__5_500_MeV.root, ../../../../data/2_ROOT/VaryE/e-/wcs_MCA_e-__6_500_MeV.root, ../../../../data/2_ROOT/VaryE/e-/wcs_MCA_e-__10_500_MeV.root, ../../../../data/2_ROOT/VaryE/gamma/wcs_MCA_gamma__0_500_MeV.root, ../../../../data/2_ROOT/VaryE/e-/wcs_MCA_e-__3_500_MeV.root, ../../../../data/2_ROOT/VaryE/e-/wcs_MCA_e-__8_500_MeV.root
    resources: tmpdir=/tmp

[Wed Sep 28 21:11:31 2022]
Finished job 0.
37 of 37 steps (100%) done
Complete log: .snakemake/log/2022-09-28T210635.852362.snakemake.log
